Expression	Value	Location	Type	
sec	292	0x200061D8	unsigned int	
xmitTime	<array>	0x20006188	unsigned short[3]	
[0]	126	0x20006188	unsigned short	
[1]	30828	0x2000618A	unsigned short	
[2]	30828	0x2000618C	unsigned short	
receiveQueue	<array>	0x20003D88	Queue[3]	
[0]	<struct>	0x20003D88	Queue	
buf	<array>"XXXXXXXX?"	0x20003D88	char[2048]	
[0]	'X' (0x58)	0x20003D88	char	
[1]	'X' (0x58)	0x20003D89	char	
[2]	'X' (0x58)	0x20003D8A	char	
[3]	'X' (0x58)	0x20003D8B	char	
[4]	'X' (0x58)	0x20003D8C	char	
[5]	'X' (0x58)	0x20003D8D	char	
[6]	'X' (0x58)	0x20003D8E	char	
[7]	'X' (0x58)	0x20003D8F	char	
[8]	'?' (0xCA)	0x20003D90	char	
[9]	'4' (0x34)	0x20003D91	char	
[10]	'?' (0xC5)	0x20003D92	char	
[11]	'\0' (0x00)	0x20003D93	char	
[12]	'.' (0x01)	0x20003D94	char	
[13]	'\n' (0x0A)	0x20003D95	char	
[14]	'R' (0x52)	0x20003D96	char	
[15]	'B' (0x42)	0x20003D97	char	
[16]	'_' (0x5F)	0x20003D98	char	
[17]	'\n' (0x0A)	0x20003D99	char	
[18]	'\0' (0x00)	0x20003D9A	char	
[19]	'A' (0x41)	0x20003D9B	char	
[20]	'A' (0x41)	0x20003D9C	char	
[21]	'A' (0x41)	0x20003D9D	char	
[22]	'A' (0x41)	0x20003D9E	char	
[23]	'C' (0x43)	0x20003D9F	char	
[24]	'?' (0xCA)	0x20003DA0	char	
[25]	'"' (0x22)	0x20003DA1	char	
[26]	'?' (0xC5)	0x20003DA2	char	
[27]	'\0' (0x00)	0x20003DA3	char	
[28]	'.' (0x01)	0x20003DA4	char	
[29]	'.' (0x19)	0x20003DA5	char	
[30]	'O' (0x4F)	0x20003DA6	char	
[31]	'O' (0x4F)	0x20003DA7	char	
[32]	'O' (0x4F)	0x20003DA8	char	
[33]	'O' (0x4F)	0x20003DA9	char	
[34]	'O' (0x4F)	0x20003DAA	char	
[35]	'O' (0x4F)	0x20003DAB	char	
[36]	'O' (0x4F)	0x20003DAC	char	
[37]	'O' (0x4F)	0x20003DAD	char	
[38]	'O' (0x4F)	0x20003DAE	char	
[39]	'O' (0x4F)	0x20003DAF	char	
[40]	'O' (0x4F)	0x20003DB0	char	
[41]	'O' (0x4F)	0x20003DB1	char	
[42]	'O' (0x4F)	0x20003DB2	char	
[43]	'X' (0x58)	0x20003DB3	char	
[44]	'X' (0x58)	0x20003DB4	char	
[45]	'X' (0x58)	0x20003DB5	char	
[46]	'X' (0x58)	0x20003DB6	char	
[47]	'X' (0x58)	0x20003DB7	char	
[48]	'X' (0x58)	0x20003DB8	char	
[49]	'X' (0x58)	0x20003DB9	char	
[50]	'X' (0x58)	0x20003DBA	char	
[51]	'X' (0x58)	0x20003DBB	char	
[52]	'X' (0x58)	0x20003DBC	char	
[53]	'X' (0x58)	0x20003DBD	char	
[54]	'X' (0x58)	0x20003DBE	char	
[55]	'?' (0xCA)	0x20003DBF	char	
[56]	'4' (0x34)	0x20003DC0	char	
[57]	'?' (0xC5)	0x20003DC1	char	
[58]	'\0' (0x00)	0x20003DC2	char	
[59]	'.' (0x01)	0x20003DC3	char	
[60]	'\n' (0x0A)	0x20003DC4	char	
[61]	'R' (0x52)	0x20003DC5	char	
[62]	'B' (0x42)	0x20003DC6	char	
[63]	'_' (0x5F)	0x20003DC7	char	
[64]	'\n' (0x0A)	0x20003DC8	char	
[65]	'\0' (0x00)	0x20003DC9	char	
[66]	'A' (0x41)	0x20003DCA	char	
[67]	'A' (0x41)	0x20003DCB	char	
[68]	'A' (0x41)	0x20003DCC	char	
[69]	'A' (0x41)	0x20003DCD	char	
[70]	'C' (0x43)	0x20003DCE	char	
[71]	'?' (0xCA)	0x20003DCF	char	
[72]	'"' (0x22)	0x20003DD0	char	
[73]	'?' (0xC5)	0x20003DD1	char	
[74]	'\0' (0x00)	0x20003DD2	char	
[75]	'.' (0x01)	0x20003DD3	char	
[76]	'.' (0x19)	0x20003DD4	char	
[77]	'O' (0x4F)	0x20003DD5	char	
[78]	'O' (0x4F)	0x20003DD6	char	
[79]	'O' (0x4F)	0x20003DD7	char	
[80]	'O' (0x4F)	0x20003DD8	char	
[81]	'O' (0x4F)	0x20003DD9	char	
[82]	'O' (0x4F)	0x20003DDA	char	
[83]	'O' (0x4F)	0x20003DDB	char	
[84]	'O' (0x4F)	0x20003DDC	char	
[85]	'O' (0x4F)	0x20003DDD	char	
[86]	'O' (0x4F)	0x20003DDE	char	
[87]	'O' (0x4F)	0x20003DDF	char	
[88]	'O' (0x4F)	0x20003DE0	char	
[89]	'O' (0x4F)	0x20003DE1	char	
[90]	'X' (0x58)	0x20003DE2	char	
[91]	'X' (0x58)	0x20003DE3	char	
[92]	'X' (0x58)	0x20003DE4	char	
[93]	'X' (0x58)	0x20003DE5	char	
[94]	'X' (0x58)	0x20003DE6	char	
[95]	'X' (0x58)	0x20003DE7	char	
[96]	'X' (0x58)	0x20003DE8	char	
[97]	'X' (0x58)	0x20003DE9	char	
[98]	'X' (0x58)	0x20003DEA	char	
[99]	'X' (0x58)	0x20003DEB	char	
[100]	'X' (0x58)	0x20003DEC	char	
[101]	'X' (0x58)	0x20003DED	char	
[102]	'?' (0xCA)	0x20003DEE	char	
[103]	'4' (0x34)	0x20003DEF	char	
[104]	'?' (0xC5)	0x20003DF0	char	
[105]	'\0' (0x00)	0x20003DF1	char	
[106]	'.' (0x01)	0x20003DF2	char	
[107]	'\n' (0x0A)	0x20003DF3	char	
[108]	'R' (0x52)	0x20003DF4	char	
[109]	'B' (0x42)	0x20003DF5	char	
[110]	'_' (0x5F)	0x20003DF6	char	
[111]	'\n' (0x0A)	0x20003DF7	char	
[112]	'\0' (0x00)	0x20003DF8	char	
[113]	'A' (0x41)	0x20003DF9	char	
[114]	'A' (0x41)	0x20003DFA	char	
[115]	'A' (0x41)	0x20003DFB	char	
[116]	'A' (0x41)	0x20003DFC	char	
[117]	'C' (0x43)	0x20003DFD	char	
[118]	'?' (0xCA)	0x20003DFE	char	
[119]	'"' (0x22)	0x20003DFF	char	
[120]	'?' (0xC5)	0x20003E00	char	
[121]	'\0' (0x00)	0x20003E01	char	
[122]	'.' (0x01)	0x20003E02	char	
[123]	'.' (0x19)	0x20003E03	char	
[124]	'O' (0x4F)	0x20003E04	char	
[125]	'O' (0x4F)	0x20003E05	char	
[126]	'O' (0x4F)	0x20003E06	char	
[127]	'O' (0x4F)	0x20003E07	char	
[128]	'O' (0x4F)	0x20003E08	char	
[129]	'O' (0x4F)	0x20003E09	char	
[130]	'O' (0x4F)	0x20003E0A	char	
[131]	'O' (0x4F)	0x20003E0B	char	
[132]	'O' (0x4F)	0x20003E0C	char	
[133]	'O' (0x4F)	0x20003E0D	char	
[134]	'O' (0x4F)	0x20003E0E	char	
[135]	'O' (0x4F)	0x20003E0F	char	
[136]	'O' (0x4F)	0x20003E10	char	
[137]	'X' (0x58)	0x20003E11	char	
[138]	'X' (0x58)	0x20003E12	char	
[139]	'X' (0x58)	0x20003E13	char	
[140]	'X' (0x58)	0x20003E14	char	
[141]	'X' (0x58)	0x20003E15	char	
[142]	'X' (0x58)	0x20003E16	char	
[143]	'X' (0x58)	0x20003E17	char	
[144]	'X' (0x58)	0x20003E18	char	
[145]	'X' (0x58)	0x20003E19	char	
[146]	'X' (0x58)	0x20003E1A	char	
[147]	'X' (0x58)	0x20003E1B	char	
[148]	'X' (0x58)	0x20003E1C	char	
[149]	'?' (0xCA)	0x20003E1D	char	
[150]	'4' (0x34)	0x20003E1E	char	
[151]	'?' (0xC5)	0x20003E1F	char	
[152]	'\0' (0x00)	0x20003E20	char	
[153]	'.' (0x01)	0x20003E21	char	
[154]	'\n' (0x0A)	0x20003E22	char	
[155]	'R' (0x52)	0x20003E23	char	
[156]	'B' (0x42)	0x20003E24	char	
[157]	'_' (0x5F)	0x20003E25	char	
[158]	'\n' (0x0A)	0x20003E26	char	
[159]	'\0' (0x00)	0x20003E27	char	
[160]	'A' (0x41)	0x20003E28	char	
[161]	'A' (0x41)	0x20003E29	char	
[162]	'A' (0x41)	0x20003E2A	char	
[163]	'A' (0x41)	0x20003E2B	char	
[164]	'C' (0x43)	0x20003E2C	char	
[165]	'?' (0xCA)	0x20003E2D	char	
[166]	'"' (0x22)	0x20003E2E	char	
[167]	'?' (0xC5)	0x20003E2F	char	
[168]	'\0' (0x00)	0x20003E30	char	
[169]	'.' (0x01)	0x20003E31	char	
[170]	'.' (0x19)	0x20003E32	char	
[171]	'O' (0x4F)	0x20003E33	char	
[172]	'O' (0x4F)	0x20003E34	char	
[173]	'O' (0x4F)	0x20003E35	char	
[174]	'O' (0x4F)	0x20003E36	char	
[175]	'O' (0x4F)	0x20003E37	char	
[176]	'O' (0x4F)	0x20003E38	char	
[177]	'O' (0x4F)	0x20003E39	char	
[178]	'O' (0x4F)	0x20003E3A	char	
[179]	'O' (0x4F)	0x20003E3B	char	
[180]	'O' (0x4F)	0x20003E3C	char	
[181]	'O' (0x4F)	0x20003E3D	char	
[182]	'O' (0x4F)	0x20003E3E	char	
[183]	'O' (0x4F)	0x20003E3F	char	
[184]	'X' (0x58)	0x20003E40	char	
[185]	'X' (0x58)	0x20003E41	char	
[186]	'X' (0x58)	0x20003E42	char	
[187]	'X' (0x58)	0x20003E43	char	
[188]	'X' (0x58)	0x20003E44	char	
[189]	'X' (0x58)	0x20003E45	char	
[190]	'X' (0x58)	0x20003E46	char	
[191]	'X' (0x58)	0x20003E47	char	
[192]	'X' (0x58)	0x20003E48	char	
[193]	'X' (0x58)	0x20003E49	char	
[194]	'X' (0x58)	0x20003E4A	char	
[195]	'X' (0x58)	0x20003E4B	char	
[196]	'?' (0xCA)	0x20003E4C	char	
[197]	'4' (0x34)	0x20003E4D	char	
[198]	'?' (0xC5)	0x20003E4E	char	
[199]	'\0' (0x00)	0x20003E4F	char	
[200]	'.' (0x01)	0x20003E50	char	
[201]	'\n' (0x0A)	0x20003E51	char	
[202]	'R' (0x52)	0x20003E52	char	
[203]	'B' (0x42)	0x20003E53	char	
[204]	'_' (0x5F)	0x20003E54	char	
[205]	'\n' (0x0A)	0x20003E55	char	
[206]	'\0' (0x00)	0x20003E56	char	
[207]	'A' (0x41)	0x20003E57	char	
[208]	'A' (0x41)	0x20003E58	char	
[209]	'A' (0x41)	0x20003E59	char	
[210]	'A' (0x41)	0x20003E5A	char	
[211]	'C' (0x43)	0x20003E5B	char	
[212]	'?' (0xCA)	0x20003E5C	char	
[213]	'"' (0x22)	0x20003E5D	char	
[214]	'?' (0xC5)	0x20003E5E	char	
[215]	'\0' (0x00)	0x20003E5F	char	
[216]	'.' (0x01)	0x20003E60	char	
[217]	'.' (0x19)	0x20003E61	char	
[218]	'O' (0x4F)	0x20003E62	char	
[219]	'O' (0x4F)	0x20003E63	char	
[220]	'O' (0x4F)	0x20003E64	char	
[221]	'O' (0x4F)	0x20003E65	char	
[222]	'O' (0x4F)	0x20003E66	char	
[223]	'O' (0x4F)	0x20003E67	char	
[224]	'O' (0x4F)	0x20003E68	char	
[225]	'O' (0x4F)	0x20003E69	char	
[226]	'O' (0x4F)	0x20003E6A	char	
[227]	'O' (0x4F)	0x20003E6B	char	
[228]	'O' (0x4F)	0x20003E6C	char	
[229]	'O' (0x4F)	0x20003E6D	char	
[230]	'O' (0x4F)	0x20003E6E	char	
[231]	'X' (0x58)	0x20003E6F	char	
[232]	'X' (0x58)	0x20003E70	char	
[233]	'X' (0x58)	0x20003E71	char	
[234]	'X' (0x58)	0x20003E72	char	
[235]	'X' (0x58)	0x20003E73	char	
[236]	'X' (0x58)	0x20003E74	char	
[237]	'X' (0x58)	0x20003E75	char	
[238]	'X' (0x58)	0x20003E76	char	
[239]	'X' (0x58)	0x20003E77	char	
[240]	'X' (0x58)	0x20003E78	char	
[241]	'X' (0x58)	0x20003E79	char	
[242]	'X' (0x58)	0x20003E7A	char	
[243]	'?' (0xCA)	0x20003E7B	char	
[244]	'4' (0x34)	0x20003E7C	char	
[245]	'?' (0xC5)	0x20003E7D	char	
[246]	'\0' (0x00)	0x20003E7E	char	
[247]	'.' (0x01)	0x20003E7F	char	
[248]	'\n' (0x0A)	0x20003E80	char	
[249]	'R' (0x52)	0x20003E81	char	
[250]	'B' (0x42)	0x20003E82	char	
[251]	'_' (0x5F)	0x20003E83	char	
[252]	'\n' (0x0A)	0x20003E84	char	
[253]	'\0' (0x00)	0x20003E85	char	
[254]	'A' (0x41)	0x20003E86	char	
[255]	'A' (0x41)	0x20003E87	char	
[256]	'A' (0x41)	0x20003E88	char	
[257]	'A' (0x41)	0x20003E89	char	
[258]	'C' (0x43)	0x20003E8A	char	
[259]	'?' (0xCA)	0x20003E8B	char	
[260]	'"' (0x22)	0x20003E8C	char	
[261]	'?' (0xC5)	0x20003E8D	char	
[262]	'\0' (0x00)	0x20003E8E	char	
[263]	'.' (0x01)	0x20003E8F	char	
[264]	'.' (0x19)	0x20003E90	char	
[265]	'O' (0x4F)	0x20003E91	char	
[266]	'O' (0x4F)	0x20003E92	char	
[267]	'O' (0x4F)	0x20003E93	char	
[268]	'O' (0x4F)	0x20003E94	char	
[269]	'O' (0x4F)	0x20003E95	char	
[270]	'O' (0x4F)	0x20003E96	char	
[271]	'O' (0x4F)	0x20003E97	char	
[272]	'O' (0x4F)	0x20003E98	char	
[273]	'O' (0x4F)	0x20003E99	char	
[274]	'O' (0x4F)	0x20003E9A	char	
[275]	'O' (0x4F)	0x20003E9B	char	
[276]	'O' (0x4F)	0x20003E9C	char	
[277]	'O' (0x4F)	0x20003E9D	char	
[278]	'X' (0x58)	0x20003E9E	char	
[279]	'X' (0x58)	0x20003E9F	char	
[280]	'X' (0x58)	0x20003EA0	char	
[281]	'X' (0x58)	0x20003EA1	char	
[282]	'X' (0x58)	0x20003EA2	char	
[283]	'X' (0x58)	0x20003EA3	char	
[284]	'X' (0x58)	0x20003EA4	char	
[285]	'X' (0x58)	0x20003EA5	char	
[286]	'X' (0x58)	0x20003EA6	char	
[287]	'X' (0x58)	0x20003EA7	char	
[288]	'X' (0x58)	0x20003EA8	char	
[289]	'X' (0x58)	0x20003EA9	char	
[290]	'?' (0xCA)	0x20003EAA	char	
[291]	'4' (0x34)	0x20003EAB	char	
[292]	'?' (0xC5)	0x20003EAC	char	
[293]	'\0' (0x00)	0x20003EAD	char	
[294]	'.' (0x01)	0x20003EAE	char	
[295]	'\n' (0x0A)	0x20003EAF	char	
[296]	'R' (0x52)	0x20003EB0	char	
[297]	'B' (0x42)	0x20003EB1	char	
[298]	'_' (0x5F)	0x20003EB2	char	
[299]	'\n' (0x0A)	0x20003EB3	char	
[300]	'\0' (0x00)	0x20003EB4	char	
[301]	'A' (0x41)	0x20003EB5	char	
[302]	'A' (0x41)	0x20003EB6	char	
[303]	'A' (0x41)	0x20003EB7	char	
[304]	'A' (0x41)	0x20003EB8	char	
[305]	'C' (0x43)	0x20003EB9	char	
[306]	'?' (0xCA)	0x20003EBA	char	
[307]	'"' (0x22)	0x20003EBB	char	
[308]	'?' (0xC5)	0x20003EBC	char	
[309]	'\0' (0x00)	0x20003EBD	char	
[310]	'.' (0x01)	0x20003EBE	char	
[311]	'.' (0x19)	0x20003EBF	char	
[312]	'O' (0x4F)	0x20003EC0	char	
[313]	'O' (0x4F)	0x20003EC1	char	
[314]	'O' (0x4F)	0x20003EC2	char	
[315]	'O' (0x4F)	0x20003EC3	char	
[316]	'O' (0x4F)	0x20003EC4	char	
[317]	'O' (0x4F)	0x20003EC5	char	
[318]	'O' (0x4F)	0x20003EC6	char	
[319]	'O' (0x4F)	0x20003EC7	char	
[320]	'O' (0x4F)	0x20003EC8	char	
[321]	'O' (0x4F)	0x20003EC9	char	
[322]	'O' (0x4F)	0x20003ECA	char	
[323]	'O' (0x4F)	0x20003ECB	char	
[324]	'O' (0x4F)	0x20003ECC	char	
[325]	'X' (0x58)	0x20003ECD	char	
[326]	'X' (0x58)	0x20003ECE	char	
[327]	'X' (0x58)	0x20003ECF	char	
[328]	'X' (0x58)	0x20003ED0	char	
[329]	'X' (0x58)	0x20003ED1	char	
[330]	'X' (0x58)	0x20003ED2	char	
[331]	'X' (0x58)	0x20003ED3	char	
[332]	'X' (0x58)	0x20003ED4	char	
[333]	'X' (0x58)	0x20003ED5	char	
[334]	'X' (0x58)	0x20003ED6	char	
[335]	'X' (0x58)	0x20003ED7	char	
[336]	'X' (0x58)	0x20003ED8	char	
[337]	'?' (0xCA)	0x20003ED9	char	
[338]	'4' (0x34)	0x20003EDA	char	
[339]	'?' (0xC5)	0x20003EDB	char	
[340]	'\0' (0x00)	0x20003EDC	char	
[341]	'.' (0x01)	0x20003EDD	char	
[342]	'\n' (0x0A)	0x20003EDE	char	
[343]	'R' (0x52)	0x20003EDF	char	
[344]	'B' (0x42)	0x20003EE0	char	
[345]	'_' (0x5F)	0x20003EE1	char	
[346]	'\n' (0x0A)	0x20003EE2	char	
[347]	'\0' (0x00)	0x20003EE3	char	
[348]	'A' (0x41)	0x20003EE4	char	
[349]	'A' (0x41)	0x20003EE5	char	
[350]	'A' (0x41)	0x20003EE6	char	
[351]	'A' (0x41)	0x20003EE7	char	
[352]	'C' (0x43)	0x20003EE8	char	
[353]	'?' (0xCA)	0x20003EE9	char	
[354]	'"' (0x22)	0x20003EEA	char	
[355]	'?' (0xC5)	0x20003EEB	char	
[356]	'\0' (0x00)	0x20003EEC	char	
[357]	'.' (0x01)	0x20003EED	char	
[358]	'.' (0x19)	0x20003EEE	char	
[359]	'O' (0x4F)	0x20003EEF	char	
[360]	'O' (0x4F)	0x20003EF0	char	
[361]	'O' (0x4F)	0x20003EF1	char	
[362]	'O' (0x4F)	0x20003EF2	char	
[363]	'O' (0x4F)	0x20003EF3	char	
[364]	'O' (0x4F)	0x20003EF4	char	
[365]	'O' (0x4F)	0x20003EF5	char	
[366]	'O' (0x4F)	0x20003EF6	char	
[367]	'O' (0x4F)	0x20003EF7	char	
[368]	'O' (0x4F)	0x20003EF8	char	
[369]	'O' (0x4F)	0x20003EF9	char	
[370]	'O' (0x4F)	0x20003EFA	char	
[371]	'O' (0x4F)	0x20003EFB	char	
[372]	'X' (0x58)	0x20003EFC	char	
[373]	'X' (0x58)	0x20003EFD	char	
[374]	'X' (0x58)	0x20003EFE	char	
[375]	'X' (0x58)	0x20003EFF	char	
[376]	'X' (0x58)	0x20003F00	char	
[377]	'X' (0x58)	0x20003F01	char	
[378]	'X' (0x58)	0x20003F02	char	
[379]	'X' (0x58)	0x20003F03	char	
[380]	'X' (0x58)	0x20003F04	char	
[381]	'X' (0x58)	0x20003F05	char	
[382]	'X' (0x58)	0x20003F06	char	
[383]	'X' (0x58)	0x20003F07	char	
[384]	'?' (0xCA)	0x20003F08	char	
[385]	'4' (0x34)	0x20003F09	char	
[386]	'?' (0xC5)	0x20003F0A	char	
[387]	'\0' (0x00)	0x20003F0B	char	
[388]	'.' (0x01)	0x20003F0C	char	
[389]	'\n' (0x0A)	0x20003F0D	char	
[390]	'R' (0x52)	0x20003F0E	char	
[391]	'B' (0x42)	0x20003F0F	char	
[392]	'_' (0x5F)	0x20003F10	char	
[393]	'\n' (0x0A)	0x20003F11	char	
[394]	'\0' (0x00)	0x20003F12	char	
[395]	'A' (0x41)	0x20003F13	char	
[396]	'A' (0x41)	0x20003F14	char	
[397]	'A' (0x41)	0x20003F15	char	
[398]	'A' (0x41)	0x20003F16	char	
[399]	'C' (0x43)	0x20003F17	char	
[400]	'?' (0xCA)	0x20003F18	char	
[401]	'"' (0x22)	0x20003F19	char	
[402]	'?' (0xC5)	0x20003F1A	char	
[403]	'\0' (0x00)	0x20003F1B	char	
[404]	'.' (0x01)	0x20003F1C	char	
[405]	'.' (0x19)	0x20003F1D	char	
[406]	'O' (0x4F)	0x20003F1E	char	
[407]	'O' (0x4F)	0x20003F1F	char	
[408]	'O' (0x4F)	0x20003F20	char	
[409]	'O' (0x4F)	0x20003F21	char	
[410]	'O' (0x4F)	0x20003F22	char	
[411]	'O' (0x4F)	0x20003F23	char	
[412]	'O' (0x4F)	0x20003F24	char	
[413]	'O' (0x4F)	0x20003F25	char	
[414]	'O' (0x4F)	0x20003F26	char	
[415]	'O' (0x4F)	0x20003F27	char	
[416]	'O' (0x4F)	0x20003F28	char	
[417]	'O' (0x4F)	0x20003F29	char	
[418]	'O' (0x4F)	0x20003F2A	char	
[419]	'X' (0x58)	0x20003F2B	char	
[420]	'X' (0x58)	0x20003F2C	char	
[421]	'X' (0x58)	0x20003F2D	char	
[422]	'X' (0x58)	0x20003F2E	char	
[423]	'X' (0x58)	0x20003F2F	char	
[424]	'X' (0x58)	0x20003F30	char	
[425]	'X' (0x58)	0x20003F31	char	
[426]	'X' (0x58)	0x20003F32	char	
[427]	'X' (0x58)	0x20003F33	char	
[428]	'X' (0x58)	0x20003F34	char	
[429]	'X' (0x58)	0x20003F35	char	
[430]	'X' (0x58)	0x20003F36	char	
[431]	'?' (0xCA)	0x20003F37	char	
[432]	'4' (0x34)	0x20003F38	char	
[433]	'?' (0xC5)	0x20003F39	char	
[434]	'\0' (0x00)	0x20003F3A	char	
[435]	'.' (0x01)	0x20003F3B	char	
[436]	'\n' (0x0A)	0x20003F3C	char	
[437]	'R' (0x52)	0x20003F3D	char	
[438]	'B' (0x42)	0x20003F3E	char	
[439]	'_' (0x5F)	0x20003F3F	char	
[440]	'\n' (0x0A)	0x20003F40	char	
[441]	'\0' (0x00)	0x20003F41	char	
[442]	'A' (0x41)	0x20003F42	char	
[443]	'A' (0x41)	0x20003F43	char	
[444]	'A' (0x41)	0x20003F44	char	
[445]	'A' (0x41)	0x20003F45	char	
[446]	'C' (0x43)	0x20003F46	char	
[447]	'?' (0xCA)	0x20003F47	char	
[448]	'"' (0x22)	0x20003F48	char	
[449]	'?' (0xC5)	0x20003F49	char	
[450]	'\0' (0x00)	0x20003F4A	char	
[451]	'.' (0x01)	0x20003F4B	char	
[452]	'.' (0x19)	0x20003F4C	char	
[453]	'O' (0x4F)	0x20003F4D	char	
[454]	'O' (0x4F)	0x20003F4E	char	
[455]	'O' (0x4F)	0x20003F4F	char	
[456]	'O' (0x4F)	0x20003F50	char	
[457]	'O' (0x4F)	0x20003F51	char	
[458]	'O' (0x4F)	0x20003F52	char	
[459]	'O' (0x4F)	0x20003F53	char	
[460]	'O' (0x4F)	0x20003F54	char	
[461]	'O' (0x4F)	0x20003F55	char	
[462]	'O' (0x4F)	0x20003F56	char	
[463]	'O' (0x4F)	0x20003F57	char	
[464]	'O' (0x4F)	0x20003F58	char	
[465]	'O' (0x4F)	0x20003F59	char	
[466]	'X' (0x58)	0x20003F5A	char	
[467]	'X' (0x58)	0x20003F5B	char	
[468]	'X' (0x58)	0x20003F5C	char	
[469]	'X' (0x58)	0x20003F5D	char	
[470]	'X' (0x58)	0x20003F5E	char	
[471]	'X' (0x58)	0x20003F5F	char	
[472]	'X' (0x58)	0x20003F60	char	
[473]	'X' (0x58)	0x20003F61	char	
[474]	'X' (0x58)	0x20003F62	char	
[475]	'X' (0x58)	0x20003F63	char	
[476]	'X' (0x58)	0x20003F64	char	
[477]	'X' (0x58)	0x20003F65	char	
[478]	'?' (0xCA)	0x20003F66	char	
[479]	'4' (0x34)	0x20003F67	char	
[480]	'?' (0xC5)	0x20003F68	char	
[481]	'\0' (0x00)	0x20003F69	char	
[482]	'.' (0x01)	0x20003F6A	char	
[483]	'\n' (0x0A)	0x20003F6B	char	
[484]	'R' (0x52)	0x20003F6C	char	
[485]	'B' (0x42)	0x20003F6D	char	
[486]	'_' (0x5F)	0x20003F6E	char	
[487]	'\n' (0x0A)	0x20003F6F	char	
[488]	'\0' (0x00)	0x20003F70	char	
[489]	'A' (0x41)	0x20003F71	char	
[490]	'A' (0x41)	0x20003F72	char	
[491]	'A' (0x41)	0x20003F73	char	
[492]	'A' (0x41)	0x20003F74	char	
[493]	'C' (0x43)	0x20003F75	char	
[494]	'?' (0xCA)	0x20003F76	char	
[495]	'"' (0x22)	0x20003F77	char	
[496]	'?' (0xC5)	0x20003F78	char	
[497]	'\0' (0x00)	0x20003F79	char	
[498]	'.' (0x01)	0x20003F7A	char	
[499]	'.' (0x19)	0x20003F7B	char	
[500]	'O' (0x4F)	0x20003F7C	char	
[501]	'O' (0x4F)	0x20003F7D	char	
[502]	'O' (0x4F)	0x20003F7E	char	
[503]	'O' (0x4F)	0x20003F7F	char	
[504]	'O' (0x4F)	0x20003F80	char	
[505]	'O' (0x4F)	0x20003F81	char	
[506]	'O' (0x4F)	0x20003F82	char	
[507]	'O' (0x4F)	0x20003F83	char	
[508]	'O' (0x4F)	0x20003F84	char	
[509]	'O' (0x4F)	0x20003F85	char	
[510]	'O' (0x4F)	0x20003F86	char	
[511]	'O' (0x4F)	0x20003F87	char	
[512]	'O' (0x4F)	0x20003F88	char	
[513]	'X' (0x58)	0x20003F89	char	
[514]	'X' (0x58)	0x20003F8A	char	
[515]	'X' (0x58)	0x20003F8B	char	
[516]	'X' (0x58)	0x20003F8C	char	
[517]	'X' (0x58)	0x20003F8D	char	
[518]	'X' (0x58)	0x20003F8E	char	
[519]	'X' (0x58)	0x20003F8F	char	
[520]	'X' (0x58)	0x20003F90	char	
[521]	'X' (0x58)	0x20003F91	char	
[522]	'X' (0x58)	0x20003F92	char	
[523]	'X' (0x58)	0x20003F93	char	
[524]	'X' (0x58)	0x20003F94	char	
[525]	'?' (0xCA)	0x20003F95	char	
[526]	'4' (0x34)	0x20003F96	char	
[527]	'?' (0xC5)	0x20003F97	char	
[528]	'\0' (0x00)	0x20003F98	char	
[529]	'.' (0x01)	0x20003F99	char	
[530]	'\n' (0x0A)	0x20003F9A	char	
[531]	'R' (0x52)	0x20003F9B	char	
[532]	'B' (0x42)	0x20003F9C	char	
[533]	'_' (0x5F)	0x20003F9D	char	
[534]	'\n' (0x0A)	0x20003F9E	char	
[535]	'\0' (0x00)	0x20003F9F	char	
[536]	'A' (0x41)	0x20003FA0	char	
[537]	'A' (0x41)	0x20003FA1	char	
[538]	'A' (0x41)	0x20003FA2	char	
[539]	'A' (0x41)	0x20003FA3	char	
[540]	'C' (0x43)	0x20003FA4	char	
[541]	'?' (0xCA)	0x20003FA5	char	
[542]	'"' (0x22)	0x20003FA6	char	
[543]	'?' (0xC5)	0x20003FA7	char	
[544]	'\0' (0x00)	0x20003FA8	char	
[545]	'.' (0x01)	0x20003FA9	char	
[546]	'.' (0x19)	0x20003FAA	char	
[547]	'O' (0x4F)	0x20003FAB	char	
[548]	'O' (0x4F)	0x20003FAC	char	
[549]	'O' (0x4F)	0x20003FAD	char	
[550]	'O' (0x4F)	0x20003FAE	char	
[551]	'O' (0x4F)	0x20003FAF	char	
[552]	'O' (0x4F)	0x20003FB0	char	
[553]	'O' (0x4F)	0x20003FB1	char	
[554]	'O' (0x4F)	0x20003FB2	char	
[555]	'O' (0x4F)	0x20003FB3	char	
[556]	'O' (0x4F)	0x20003FB4	char	
[557]	'O' (0x4F)	0x20003FB5	char	
[558]	'O' (0x4F)	0x20003FB6	char	
[559]	'O' (0x4F)	0x20003FB7	char	
[560]	'X' (0x58)	0x20003FB8	char	
[561]	'X' (0x58)	0x20003FB9	char	
[562]	'X' (0x58)	0x20003FBA	char	
[563]	'X' (0x58)	0x20003FBB	char	
[564]	'X' (0x58)	0x20003FBC	char	
[565]	'X' (0x58)	0x20003FBD	char	
[566]	'X' (0x58)	0x20003FBE	char	
[567]	'X' (0x58)	0x20003FBF	char	
[568]	'X' (0x58)	0x20003FC0	char	
[569]	'X' (0x58)	0x20003FC1	char	
[570]	'X' (0x58)	0x20003FC2	char	
[571]	'X' (0x58)	0x20003FC3	char	
[572]	'?' (0xCA)	0x20003FC4	char	
[573]	'4' (0x34)	0x20003FC5	char	
[574]	'?' (0xC5)	0x20003FC6	char	
[575]	'\0' (0x00)	0x20003FC7	char	
[576]	'.' (0x01)	0x20003FC8	char	
[577]	'\n' (0x0A)	0x20003FC9	char	
[578]	'R' (0x52)	0x20003FCA	char	
[579]	'B' (0x42)	0x20003FCB	char	
[580]	'_' (0x5F)	0x20003FCC	char	
[581]	'\n' (0x0A)	0x20003FCD	char	
[582]	'\0' (0x00)	0x20003FCE	char	
[583]	'A' (0x41)	0x20003FCF	char	
[584]	'A' (0x41)	0x20003FD0	char	
[585]	'A' (0x41)	0x20003FD1	char	
[586]	'A' (0x41)	0x20003FD2	char	
[587]	'C' (0x43)	0x20003FD3	char	
[588]	'?' (0xCA)	0x20003FD4	char	
[589]	'"' (0x22)	0x20003FD5	char	
[590]	'?' (0xC5)	0x20003FD6	char	
[591]	'\0' (0x00)	0x20003FD7	char	
[592]	'.' (0x01)	0x20003FD8	char	
[593]	'.' (0x19)	0x20003FD9	char	
[594]	'O' (0x4F)	0x20003FDA	char	
[595]	'O' (0x4F)	0x20003FDB	char	
[596]	'O' (0x4F)	0x20003FDC	char	
[597]	'O' (0x4F)	0x20003FDD	char	
[598]	'O' (0x4F)	0x20003FDE	char	
[599]	'O' (0x4F)	0x20003FDF	char	
[600]	'O' (0x4F)	0x20003FE0	char	
[601]	'O' (0x4F)	0x20003FE1	char	
[602]	'O' (0x4F)	0x20003FE2	char	
[603]	'O' (0x4F)	0x20003FE3	char	
[604]	'O' (0x4F)	0x20003FE4	char	
[605]	'O' (0x4F)	0x20003FE5	char	
[606]	'O' (0x4F)	0x20003FE6	char	
[607]	'X' (0x58)	0x20003FE7	char	
[608]	'X' (0x58)	0x20003FE8	char	
[609]	'X' (0x58)	0x20003FE9	char	
[610]	'X' (0x58)	0x20003FEA	char	
[611]	'X' (0x58)	0x20003FEB	char	
[612]	'X' (0x58)	0x20003FEC	char	
[613]	'X' (0x58)	0x20003FED	char	
[614]	'X' (0x58)	0x20003FEE	char	
[615]	'X' (0x58)	0x20003FEF	char	
[616]	'X' (0x58)	0x20003FF0	char	
[617]	'X' (0x58)	0x20003FF1	char	
[618]	'X' (0x58)	0x20003FF2	char	
[619]	'?' (0xCA)	0x20003FF3	char	
[620]	'4' (0x34)	0x20003FF4	char	
[621]	'?' (0xC5)	0x20003FF5	char	
[622]	'\0' (0x00)	0x20003FF6	char	
[623]	'.' (0x01)	0x20003FF7	char	
[624]	'\n' (0x0A)	0x20003FF8	char	
[625]	'R' (0x52)	0x20003FF9	char	
[626]	'B' (0x42)	0x20003FFA	char	
[627]	'_' (0x5F)	0x20003FFB	char	
[628]	'\n' (0x0A)	0x20003FFC	char	
[629]	'\0' (0x00)	0x20003FFD	char	
[630]	'A' (0x41)	0x20003FFE	char	
[631]	'A' (0x41)	0x20003FFF	char	
[632]	'A' (0x41)	0x20004000	char	
[633]	'A' (0x41)	0x20004001	char	
[634]	'C' (0x43)	0x20004002	char	
[635]	'?' (0xCA)	0x20004003	char	
[636]	'"' (0x22)	0x20004004	char	
[637]	'?' (0xC5)	0x20004005	char	
[638]	'\0' (0x00)	0x20004006	char	
[639]	'.' (0x01)	0x20004007	char	
[640]	'.' (0x19)	0x20004008	char	
[641]	'O' (0x4F)	0x20004009	char	
[642]	'O' (0x4F)	0x2000400A	char	
[643]	'O' (0x4F)	0x2000400B	char	
[644]	'O' (0x4F)	0x2000400C	char	
[645]	'O' (0x4F)	0x2000400D	char	
[646]	'O' (0x4F)	0x2000400E	char	
[647]	'O' (0x4F)	0x2000400F	char	
[648]	'O' (0x4F)	0x20004010	char	
[649]	'O' (0x4F)	0x20004011	char	
[650]	'O' (0x4F)	0x20004012	char	
[651]	'O' (0x4F)	0x20004013	char	
[652]	'O' (0x4F)	0x20004014	char	
[653]	'O' (0x4F)	0x20004015	char	
[654]	'X' (0x58)	0x20004016	char	
[655]	'X' (0x58)	0x20004017	char	
[656]	'X' (0x58)	0x20004018	char	
[657]	'X' (0x58)	0x20004019	char	
[658]	'X' (0x58)	0x2000401A	char	
[659]	'X' (0x58)	0x2000401B	char	
[660]	'X' (0x58)	0x2000401C	char	
[661]	'X' (0x58)	0x2000401D	char	
[662]	'X' (0x58)	0x2000401E	char	
[663]	'X' (0x58)	0x2000401F	char	
[664]	'X' (0x58)	0x20004020	char	
[665]	'X' (0x58)	0x20004021	char	
[666]	'?' (0xCA)	0x20004022	char	
[667]	'4' (0x34)	0x20004023	char	
[668]	'?' (0xC5)	0x20004024	char	
[669]	'\0' (0x00)	0x20004025	char	
[670]	'.' (0x01)	0x20004026	char	
[671]	'\n' (0x0A)	0x20004027	char	
[672]	'R' (0x52)	0x20004028	char	
[673]	'B' (0x42)	0x20004029	char	
[674]	'_' (0x5F)	0x2000402A	char	
[675]	'\n' (0x0A)	0x2000402B	char	
[676]	'\0' (0x00)	0x2000402C	char	
[677]	'A' (0x41)	0x2000402D	char	
[678]	'A' (0x41)	0x2000402E	char	
[679]	'A' (0x41)	0x2000402F	char	
[680]	'A' (0x41)	0x20004030	char	
[681]	'C' (0x43)	0x20004031	char	
[682]	'?' (0xCA)	0x20004032	char	
[683]	'"' (0x22)	0x20004033	char	
[684]	'?' (0xC5)	0x20004034	char	
[685]	'\0' (0x00)	0x20004035	char	
[686]	'.' (0x01)	0x20004036	char	
[687]	'.' (0x19)	0x20004037	char	
[688]	'O' (0x4F)	0x20004038	char	
[689]	'O' (0x4F)	0x20004039	char	
[690]	'O' (0x4F)	0x2000403A	char	
[691]	'O' (0x4F)	0x2000403B	char	
[692]	'O' (0x4F)	0x2000403C	char	
[693]	'O' (0x4F)	0x2000403D	char	
[694]	'O' (0x4F)	0x2000403E	char	
[695]	'O' (0x4F)	0x2000403F	char	
[696]	'O' (0x4F)	0x20004040	char	
[697]	'O' (0x4F)	0x20004041	char	
[698]	'O' (0x4F)	0x20004042	char	
[699]	'O' (0x4F)	0x20004043	char	
[700]	'O' (0x4F)	0x20004044	char	
[701]	'X' (0x58)	0x20004045	char	
[702]	'X' (0x58)	0x20004046	char	
[703]	'X' (0x58)	0x20004047	char	
[704]	'X' (0x58)	0x20004048	char	
[705]	'X' (0x58)	0x20004049	char	
[706]	'X' (0x58)	0x2000404A	char	
[707]	'X' (0x58)	0x2000404B	char	
[708]	'X' (0x58)	0x2000404C	char	
[709]	'X' (0x58)	0x2000404D	char	
[710]	'X' (0x58)	0x2000404E	char	
[711]	'X' (0x58)	0x2000404F	char	
[712]	'X' (0x58)	0x20004050	char	
[713]	'?' (0xCA)	0x20004051	char	
[714]	'4' (0x34)	0x20004052	char	
[715]	'?' (0xC5)	0x20004053	char	
[716]	'\0' (0x00)	0x20004054	char	
[717]	'.' (0x01)	0x20004055	char	
[718]	'\n' (0x0A)	0x20004056	char	
[719]	'R' (0x52)	0x20004057	char	
[720]	'B' (0x42)	0x20004058	char	
[721]	'_' (0x5F)	0x20004059	char	
[722]	'\n' (0x0A)	0x2000405A	char	
[723]	'\0' (0x00)	0x2000405B	char	
[724]	'A' (0x41)	0x2000405C	char	
[725]	'A' (0x41)	0x2000405D	char	
[726]	'A' (0x41)	0x2000405E	char	
[727]	'A' (0x41)	0x2000405F	char	
[728]	'C' (0x43)	0x20004060	char	
[729]	'?' (0xCA)	0x20004061	char	
[730]	'"' (0x22)	0x20004062	char	
[731]	'?' (0xC5)	0x20004063	char	
[732]	'\0' (0x00)	0x20004064	char	
[733]	'.' (0x01)	0x20004065	char	
[734]	'.' (0x19)	0x20004066	char	
[735]	'O' (0x4F)	0x20004067	char	
[736]	'O' (0x4F)	0x20004068	char	
[737]	'O' (0x4F)	0x20004069	char	
[738]	'O' (0x4F)	0x2000406A	char	
[739]	'O' (0x4F)	0x2000406B	char	
[740]	'O' (0x4F)	0x2000406C	char	
[741]	'O' (0x4F)	0x2000406D	char	
[742]	'O' (0x4F)	0x2000406E	char	
[743]	'O' (0x4F)	0x2000406F	char	
[744]	'O' (0x4F)	0x20004070	char	
[745]	'O' (0x4F)	0x20004071	char	
[746]	'O' (0x4F)	0x20004072	char	
[747]	'O' (0x4F)	0x20004073	char	
[748]	'X' (0x58)	0x20004074	char	
[749]	'X' (0x58)	0x20004075	char	
[750]	'X' (0x58)	0x20004076	char	
[751]	'X' (0x58)	0x20004077	char	
[752]	'X' (0x58)	0x20004078	char	
[753]	'X' (0x58)	0x20004079	char	
[754]	'X' (0x58)	0x2000407A	char	
[755]	'X' (0x58)	0x2000407B	char	
[756]	'X' (0x58)	0x2000407C	char	
[757]	'X' (0x58)	0x2000407D	char	
[758]	'X' (0x58)	0x2000407E	char	
[759]	'X' (0x58)	0x2000407F	char	
[760]	'?' (0xCA)	0x20004080	char	
[761]	'4' (0x34)	0x20004081	char	
[762]	'?' (0xC5)	0x20004082	char	
[763]	'\0' (0x00)	0x20004083	char	
[764]	'.' (0x01)	0x20004084	char	
[765]	'\n' (0x0A)	0x20004085	char	
[766]	'R' (0x52)	0x20004086	char	
[767]	'B' (0x42)	0x20004087	char	
[768]	'_' (0x5F)	0x20004088	char	
[769]	'\n' (0x0A)	0x20004089	char	
[770]	'\0' (0x00)	0x2000408A	char	
[771]	'A' (0x41)	0x2000408B	char	
[772]	'A' (0x41)	0x2000408C	char	
[773]	'A' (0x41)	0x2000408D	char	
[774]	'A' (0x41)	0x2000408E	char	
[775]	'C' (0x43)	0x2000408F	char	
[776]	'?' (0xCA)	0x20004090	char	
[777]	'"' (0x22)	0x20004091	char	
[778]	'?' (0xC5)	0x20004092	char	
[779]	'\0' (0x00)	0x20004093	char	
[780]	'.' (0x01)	0x20004094	char	
[781]	'.' (0x19)	0x20004095	char	
[782]	'O' (0x4F)	0x20004096	char	
[783]	'O' (0x4F)	0x20004097	char	
[784]	'O' (0x4F)	0x20004098	char	
[785]	'O' (0x4F)	0x20004099	char	
[786]	'O' (0x4F)	0x2000409A	char	
[787]	'O' (0x4F)	0x2000409B	char	
[788]	'O' (0x4F)	0x2000409C	char	
[789]	'O' (0x4F)	0x2000409D	char	
[790]	'O' (0x4F)	0x2000409E	char	
[791]	'O' (0x4F)	0x2000409F	char	
[792]	'O' (0x4F)	0x200040A0	char	
[793]	'O' (0x4F)	0x200040A1	char	
[794]	'O' (0x4F)	0x200040A2	char	
[795]	'X' (0x58)	0x200040A3	char	
[796]	'X' (0x58)	0x200040A4	char	
[797]	'X' (0x58)	0x200040A5	char	
[798]	'X' (0x58)	0x200040A6	char	
[799]	'X' (0x58)	0x200040A7	char	
[800]	'X' (0x58)	0x200040A8	char	
[801]	'X' (0x58)	0x200040A9	char	
[802]	'X' (0x58)	0x200040AA	char	
[803]	'X' (0x58)	0x200040AB	char	
[804]	'X' (0x58)	0x200040AC	char	
[805]	'X' (0x58)	0x200040AD	char	
[806]	'X' (0x58)	0x200040AE	char	
[807]	'?' (0xCA)	0x200040AF	char	
[808]	'4' (0x34)	0x200040B0	char	
[809]	'?' (0xC5)	0x200040B1	char	
[810]	'\0' (0x00)	0x200040B2	char	
[811]	'.' (0x01)	0x200040B3	char	
[812]	'\n' (0x0A)	0x200040B4	char	
[813]	'R' (0x52)	0x200040B5	char	
[814]	'B' (0x42)	0x200040B6	char	
[815]	'_' (0x5F)	0x200040B7	char	
[816]	'\n' (0x0A)	0x200040B8	char	
[817]	'\0' (0x00)	0x200040B9	char	
[818]	'A' (0x41)	0x200040BA	char	
[819]	'A' (0x41)	0x200040BB	char	
[820]	'A' (0x41)	0x200040BC	char	
[821]	'A' (0x41)	0x200040BD	char	
[822]	'C' (0x43)	0x200040BE	char	
[823]	'?' (0xCA)	0x200040BF	char	
[824]	'"' (0x22)	0x200040C0	char	
[825]	'?' (0xC5)	0x200040C1	char	
[826]	'\0' (0x00)	0x200040C2	char	
[827]	'.' (0x01)	0x200040C3	char	
[828]	'.' (0x19)	0x200040C4	char	
[829]	'O' (0x4F)	0x200040C5	char	
[830]	'O' (0x4F)	0x200040C6	char	
[831]	'O' (0x4F)	0x200040C7	char	
[832]	'O' (0x4F)	0x200040C8	char	
[833]	'O' (0x4F)	0x200040C9	char	
[834]	'O' (0x4F)	0x200040CA	char	
[835]	'O' (0x4F)	0x200040CB	char	
[836]	'O' (0x4F)	0x200040CC	char	
[837]	'O' (0x4F)	0x200040CD	char	
[838]	'O' (0x4F)	0x200040CE	char	
[839]	'O' (0x4F)	0x200040CF	char	
[840]	'O' (0x4F)	0x200040D0	char	
[841]	'O' (0x4F)	0x200040D1	char	
[842]	'X' (0x58)	0x200040D2	char	
[843]	'X' (0x58)	0x200040D3	char	
[844]	'X' (0x58)	0x200040D4	char	
[845]	'X' (0x58)	0x200040D5	char	
[846]	'X' (0x58)	0x200040D6	char	
[847]	'X' (0x58)	0x200040D7	char	
[848]	'X' (0x58)	0x200040D8	char	
[849]	'X' (0x58)	0x200040D9	char	
[850]	'X' (0x58)	0x200040DA	char	
[851]	'X' (0x58)	0x200040DB	char	
[852]	'X' (0x58)	0x200040DC	char	
[853]	'X' (0x58)	0x200040DD	char	
[854]	'?' (0xCA)	0x200040DE	char	
[855]	'4' (0x34)	0x200040DF	char	
[856]	'?' (0xC5)	0x200040E0	char	
[857]	'\0' (0x00)	0x200040E1	char	
[858]	'.' (0x01)	0x200040E2	char	
[859]	'\n' (0x0A)	0x200040E3	char	
[860]	'R' (0x52)	0x200040E4	char	
[861]	'B' (0x42)	0x200040E5	char	
[862]	'_' (0x5F)	0x200040E6	char	
[863]	'\n' (0x0A)	0x200040E7	char	
[864]	'\0' (0x00)	0x200040E8	char	
[865]	'A' (0x41)	0x200040E9	char	
[866]	'A' (0x41)	0x200040EA	char	
[867]	'A' (0x41)	0x200040EB	char	
[868]	'A' (0x41)	0x200040EC	char	
[869]	'C' (0x43)	0x200040ED	char	
[870]	'?' (0xCA)	0x200040EE	char	
[871]	'"' (0x22)	0x200040EF	char	
[872]	'?' (0xC5)	0x200040F0	char	
[873]	'\0' (0x00)	0x200040F1	char	
[874]	'.' (0x01)	0x200040F2	char	
[875]	'.' (0x19)	0x200040F3	char	
[876]	'O' (0x4F)	0x200040F4	char	
[877]	'O' (0x4F)	0x200040F5	char	
[878]	'O' (0x4F)	0x200040F6	char	
[879]	'O' (0x4F)	0x200040F7	char	
[880]	'O' (0x4F)	0x200040F8	char	
[881]	'O' (0x4F)	0x200040F9	char	
[882]	'O' (0x4F)	0x200040FA	char	
[883]	'O' (0x4F)	0x200040FB	char	
[884]	'O' (0x4F)	0x200040FC	char	
[885]	'O' (0x4F)	0x200040FD	char	
[886]	'O' (0x4F)	0x200040FE	char	
[887]	'O' (0x4F)	0x200040FF	char	
[888]	'O' (0x4F)	0x20004100	char	
[889]	'X' (0x58)	0x20004101	char	
[890]	'X' (0x58)	0x20004102	char	
[891]	'X' (0x58)	0x20004103	char	
[892]	'X' (0x58)	0x20004104	char	
[893]	'X' (0x58)	0x20004105	char	
[894]	'X' (0x58)	0x20004106	char	
[895]	'X' (0x58)	0x20004107	char	
[896]	'X' (0x58)	0x20004108	char	
[897]	'X' (0x58)	0x20004109	char	
[898]	'X' (0x58)	0x2000410A	char	
[899]	'X' (0x58)	0x2000410B	char	
[900]	'X' (0x58)	0x2000410C	char	
[901]	'?' (0xCA)	0x2000410D	char	
[902]	'4' (0x34)	0x2000410E	char	
[903]	'?' (0xC5)	0x2000410F	char	
[904]	'\0' (0x00)	0x20004110	char	
[905]	'.' (0x01)	0x20004111	char	
[906]	'\n' (0x0A)	0x20004112	char	
[907]	'R' (0x52)	0x20004113	char	
[908]	'B' (0x42)	0x20004114	char	
[909]	'_' (0x5F)	0x20004115	char	
[910]	'\n' (0x0A)	0x20004116	char	
[911]	'\0' (0x00)	0x20004117	char	
[912]	'A' (0x41)	0x20004118	char	
[913]	'A' (0x41)	0x20004119	char	
[914]	'A' (0x41)	0x2000411A	char	
[915]	'A' (0x41)	0x2000411B	char	
[916]	'C' (0x43)	0x2000411C	char	
[917]	'?' (0xCA)	0x2000411D	char	
[918]	'"' (0x22)	0x2000411E	char	
[919]	'?' (0xC5)	0x2000411F	char	
[920]	'\0' (0x00)	0x20004120	char	
[921]	'.' (0x01)	0x20004121	char	
[922]	'.' (0x19)	0x20004122	char	
[923]	'O' (0x4F)	0x20004123	char	
[924]	'O' (0x4F)	0x20004124	char	
[925]	'O' (0x4F)	0x20004125	char	
[926]	'O' (0x4F)	0x20004126	char	
[927]	'O' (0x4F)	0x20004127	char	
[928]	'O' (0x4F)	0x20004128	char	
[929]	'O' (0x4F)	0x20004129	char	
[930]	'O' (0x4F)	0x2000412A	char	
[931]	'O' (0x4F)	0x2000412B	char	
[932]	'O' (0x4F)	0x2000412C	char	
[933]	'O' (0x4F)	0x2000412D	char	
[934]	'O' (0x4F)	0x2000412E	char	
[935]	'O' (0x4F)	0x2000412F	char	
[936]	'X' (0x58)	0x20004130	char	
[937]	'X' (0x58)	0x20004131	char	
[938]	'X' (0x58)	0x20004132	char	
[939]	'X' (0x58)	0x20004133	char	
[940]	'X' (0x58)	0x20004134	char	
[941]	'X' (0x58)	0x20004135	char	
[942]	'X' (0x58)	0x20004136	char	
[943]	'X' (0x58)	0x20004137	char	
[944]	'X' (0x58)	0x20004138	char	
[945]	'X' (0x58)	0x20004139	char	
[946]	'X' (0x58)	0x2000413A	char	
[947]	'X' (0x58)	0x2000413B	char	
[948]	'?' (0xCA)	0x2000413C	char	
[949]	'4' (0x34)	0x2000413D	char	
[950]	'?' (0xC5)	0x2000413E	char	
[951]	'\0' (0x00)	0x2000413F	char	
[952]	'.' (0x01)	0x20004140	char	
[953]	'\n' (0x0A)	0x20004141	char	
[954]	'R' (0x52)	0x20004142	char	
[955]	'B' (0x42)	0x20004143	char	
[956]	'_' (0x5F)	0x20004144	char	
[957]	'\n' (0x0A)	0x20004145	char	
[958]	'\0' (0x00)	0x20004146	char	
[959]	'A' (0x41)	0x20004147	char	
[960]	'A' (0x41)	0x20004148	char	
[961]	'A' (0x41)	0x20004149	char	
[962]	'A' (0x41)	0x2000414A	char	
[963]	'C' (0x43)	0x2000414B	char	
[964]	'?' (0xCA)	0x2000414C	char	
[965]	'"' (0x22)	0x2000414D	char	
[966]	'?' (0xC5)	0x2000414E	char	
[967]	'\0' (0x00)	0x2000414F	char	
[968]	'.' (0x01)	0x20004150	char	
[969]	'.' (0x19)	0x20004151	char	
[970]	'O' (0x4F)	0x20004152	char	
[971]	'O' (0x4F)	0x20004153	char	
[972]	'O' (0x4F)	0x20004154	char	
[973]	'O' (0x4F)	0x20004155	char	
[974]	'O' (0x4F)	0x20004156	char	
[975]	'O' (0x4F)	0x20004157	char	
[976]	'O' (0x4F)	0x20004158	char	
[977]	'O' (0x4F)	0x20004159	char	
[978]	'O' (0x4F)	0x2000415A	char	
[979]	'O' (0x4F)	0x2000415B	char	
[980]	'O' (0x4F)	0x2000415C	char	
[981]	'O' (0x4F)	0x2000415D	char	
[982]	'O' (0x4F)	0x2000415E	char	
[983]	'X' (0x58)	0x2000415F	char	
[984]	'X' (0x58)	0x20004160	char	
[985]	'X' (0x58)	0x20004161	char	
[986]	'X' (0x58)	0x20004162	char	
[987]	'X' (0x58)	0x20004163	char	
[988]	'X' (0x58)	0x20004164	char	
[989]	'X' (0x58)	0x20004165	char	
[990]	'X' (0x58)	0x20004166	char	
[991]	'X' (0x58)	0x20004167	char	
[992]	'X' (0x58)	0x20004168	char	
[993]	'X' (0x58)	0x20004169	char	
[994]	'X' (0x58)	0x2000416A	char	
[995]	'?' (0xCA)	0x2000416B	char	
[996]	'4' (0x34)	0x2000416C	char	
[997]	'?' (0xC5)	0x2000416D	char	
[998]	'\0' (0x00)	0x2000416E	char	
[999]	'.' (0x01)	0x2000416F	char	
[1000]	'\n' (0x0A)	0x20004170	char	
[1001]	'R' (0x52)	0x20004171	char	
[1002]	'B' (0x42)	0x20004172	char	
[1003]	'_' (0x5F)	0x20004173	char	
[1004]	'\n' (0x0A)	0x20004174	char	
[1005]	'\0' (0x00)	0x20004175	char	
[1006]	'A' (0x41)	0x20004176	char	
[1007]	'A' (0x41)	0x20004177	char	
[1008]	'A' (0x41)	0x20004178	char	
[1009]	'A' (0x41)	0x20004179	char	
[1010]	'C' (0x43)	0x2000417A	char	
[1011]	'?' (0xCA)	0x2000417B	char	
[1012]	'"' (0x22)	0x2000417C	char	
[1013]	'?' (0xC5)	0x2000417D	char	
[1014]	'\0' (0x00)	0x2000417E	char	
[1015]	'.' (0x01)	0x2000417F	char	
[1016]	'.' (0x19)	0x20004180	char	
[1017]	'O' (0x4F)	0x20004181	char	
[1018]	'O' (0x4F)	0x20004182	char	
[1019]	'O' (0x4F)	0x20004183	char	
[1020]	'O' (0x4F)	0x20004184	char	
[1021]	'O' (0x4F)	0x20004185	char	
[1022]	'O' (0x4F)	0x20004186	char	
[1023]	'O' (0x4F)	0x20004187	char	
[1024]	'O' (0x4F)	0x20004188	char	
[1025]	'O' (0x4F)	0x20004189	char	
[1026]	'O' (0x4F)	0x2000418A	char	
[1027]	'O' (0x4F)	0x2000418B	char	
[1028]	'O' (0x4F)	0x2000418C	char	
[1029]	'O' (0x4F)	0x2000418D	char	
[1030]	'X' (0x58)	0x2000418E	char	
[1031]	'X' (0x58)	0x2000418F	char	
[1032]	'X' (0x58)	0x20004190	char	
[1033]	'X' (0x58)	0x20004191	char	
[1034]	'X' (0x58)	0x20004192	char	
[1035]	'X' (0x58)	0x20004193	char	
[1036]	'X' (0x58)	0x20004194	char	
[1037]	'X' (0x58)	0x20004195	char	
[1038]	'X' (0x58)	0x20004196	char	
[1039]	'X' (0x58)	0x20004197	char	
[1040]	'X' (0x58)	0x20004198	char	
[1041]	'X' (0x58)	0x20004199	char	
[1042]	'?' (0xCA)	0x2000419A	char	
[1043]	'4' (0x34)	0x2000419B	char	
[1044]	'?' (0xC5)	0x2000419C	char	
[1045]	'\0' (0x00)	0x2000419D	char	
[1046]	'.' (0x01)	0x2000419E	char	
[1047]	'\n' (0x0A)	0x2000419F	char	
[1048]	'R' (0x52)	0x200041A0	char	
[1049]	'B' (0x42)	0x200041A1	char	
[1050]	'_' (0x5F)	0x200041A2	char	
[1051]	'\n' (0x0A)	0x200041A3	char	
[1052]	'\0' (0x00)	0x200041A4	char	
[1053]	'A' (0x41)	0x200041A5	char	
[1054]	'A' (0x41)	0x200041A6	char	
[1055]	'A' (0x41)	0x200041A7	char	
[1056]	'A' (0x41)	0x200041A8	char	
[1057]	'C' (0x43)	0x200041A9	char	
[1058]	'?' (0xCA)	0x200041AA	char	
[1059]	'"' (0x22)	0x200041AB	char	
[1060]	'?' (0xC5)	0x200041AC	char	
[1061]	'\0' (0x00)	0x200041AD	char	
[1062]	'.' (0x01)	0x200041AE	char	
[1063]	'.' (0x19)	0x200041AF	char	
[1064]	'O' (0x4F)	0x200041B0	char	
[1065]	'O' (0x4F)	0x200041B1	char	
[1066]	'O' (0x4F)	0x200041B2	char	
[1067]	'O' (0x4F)	0x200041B3	char	
[1068]	'O' (0x4F)	0x200041B4	char	
[1069]	'O' (0x4F)	0x200041B5	char	
[1070]	'O' (0x4F)	0x200041B6	char	
[1071]	'O' (0x4F)	0x200041B7	char	
[1072]	'O' (0x4F)	0x200041B8	char	
[1073]	'O' (0x4F)	0x200041B9	char	
[1074]	'O' (0x4F)	0x200041BA	char	
[1075]	'O' (0x4F)	0x200041BB	char	
[1076]	'O' (0x4F)	0x200041BC	char	
[1077]	'X' (0x58)	0x200041BD	char	
[1078]	'X' (0x58)	0x200041BE	char	
[1079]	'X' (0x58)	0x200041BF	char	
[1080]	'X' (0x58)	0x200041C0	char	
[1081]	'X' (0x58)	0x200041C1	char	
[1082]	'X' (0x58)	0x200041C2	char	
[1083]	'X' (0x58)	0x200041C3	char	
[1084]	'X' (0x58)	0x200041C4	char	
[1085]	'X' (0x58)	0x200041C5	char	
[1086]	'X' (0x58)	0x200041C6	char	
[1087]	'X' (0x58)	0x200041C7	char	
[1088]	'X' (0x58)	0x200041C8	char	
[1089]	'?' (0xCA)	0x200041C9	char	
[1090]	'4' (0x34)	0x200041CA	char	
[1091]	'?' (0xC5)	0x200041CB	char	
[1092]	'\0' (0x00)	0x200041CC	char	
[1093]	'.' (0x01)	0x200041CD	char	
[1094]	'\n' (0x0A)	0x200041CE	char	
[1095]	'R' (0x52)	0x200041CF	char	
[1096]	'B' (0x42)	0x200041D0	char	
[1097]	'_' (0x5F)	0x200041D1	char	
[1098]	'\n' (0x0A)	0x200041D2	char	
[1099]	'\0' (0x00)	0x200041D3	char	
[1100]	'A' (0x41)	0x200041D4	char	
[1101]	'A' (0x41)	0x200041D5	char	
[1102]	'A' (0x41)	0x200041D6	char	
[1103]	'A' (0x41)	0x200041D7	char	
[1104]	'C' (0x43)	0x200041D8	char	
[1105]	'?' (0xCA)	0x200041D9	char	
[1106]	'"' (0x22)	0x200041DA	char	
[1107]	'X' (0x58)	0x200041DB	char	
[1108]	'X' (0x58)	0x200041DC	char	
[1109]	'X' (0x58)	0x200041DD	char	
[1110]	'X' (0x58)	0x200041DE	char	
[1111]	'X' (0x58)	0x200041DF	char	
[1112]	'X' (0x58)	0x200041E0	char	
[1113]	'X' (0x58)	0x200041E1	char	
[1114]	'X' (0x58)	0x200041E2	char	
[1115]	'X' (0x58)	0x200041E3	char	
[1116]	'?' (0xCA)	0x200041E4	char	
[1117]	'4' (0x34)	0x200041E5	char	
[1118]	'?' (0xC5)	0x200041E6	char	
[1119]	'\0' (0x00)	0x200041E7	char	
[1120]	'.' (0x01)	0x200041E8	char	
[1121]	'\n' (0x0A)	0x200041E9	char	
[1122]	'R' (0x52)	0x200041EA	char	
[1123]	'B' (0x42)	0x200041EB	char	
[1124]	'_' (0x5F)	0x200041EC	char	
[1125]	'\n' (0x0A)	0x200041ED	char	
[1126]	'\0' (0x00)	0x200041EE	char	
[1127]	'A' (0x41)	0x200041EF	char	
[1128]	'A' (0x41)	0x200041F0	char	
[1129]	'A' (0x41)	0x200041F1	char	
[1130]	'A' (0x41)	0x200041F2	char	
[1131]	'C' (0x43)	0x200041F3	char	
[1132]	'?' (0xCA)	0x200041F4	char	
[1133]	'"' (0x22)	0x200041F5	char	
[1134]	'?' (0xC5)	0x200041F6	char	
[1135]	'\0' (0x00)	0x200041F7	char	
[1136]	'.' (0x01)	0x200041F8	char	
[1137]	'.' (0x19)	0x200041F9	char	
[1138]	'O' (0x4F)	0x200041FA	char	
[1139]	'O' (0x4F)	0x200041FB	char	
[1140]	'O' (0x4F)	0x200041FC	char	
[1141]	'O' (0x4F)	0x200041FD	char	
[1142]	'O' (0x4F)	0x200041FE	char	
[1143]	'O' (0x4F)	0x200041FF	char	
[1144]	'O' (0x4F)	0x20004200	char	
[1145]	'O' (0x4F)	0x20004201	char	
[1146]	'O' (0x4F)	0x20004202	char	
[1147]	'O' (0x4F)	0x20004203	char	
[1148]	'O' (0x4F)	0x20004204	char	
[1149]	'O' (0x4F)	0x20004205	char	
[1150]	'O' (0x4F)	0x20004206	char	
[1151]	'X' (0x58)	0x20004207	char	
[1152]	'X' (0x58)	0x20004208	char	
[1153]	'X' (0x58)	0x20004209	char	
[1154]	'X' (0x58)	0x2000420A	char	
[1155]	'X' (0x58)	0x2000420B	char	
[1156]	'X' (0x58)	0x2000420C	char	
[1157]	'X' (0x58)	0x2000420D	char	
[1158]	'X' (0x58)	0x2000420E	char	
[1159]	'X' (0x58)	0x2000420F	char	
[1160]	'X' (0x58)	0x20004210	char	
[1161]	'X' (0x58)	0x20004211	char	
[1162]	'X' (0x58)	0x20004212	char	
[1163]	'?' (0xCA)	0x20004213	char	
[1164]	'4' (0x34)	0x20004214	char	
[1165]	'?' (0xC5)	0x20004215	char	
[1166]	'\0' (0x00)	0x20004216	char	
[1167]	'.' (0x01)	0x20004217	char	
[1168]	'\n' (0x0A)	0x20004218	char	
[1169]	'R' (0x52)	0x20004219	char	
[1170]	'B' (0x42)	0x2000421A	char	
[1171]	'_' (0x5F)	0x2000421B	char	
[1172]	'\n' (0x0A)	0x2000421C	char	
[1173]	'\0' (0x00)	0x2000421D	char	
[1174]	'A' (0x41)	0x2000421E	char	
[1175]	'A' (0x41)	0x2000421F	char	
[1176]	'A' (0x41)	0x20004220	char	
[1177]	'A' (0x41)	0x20004221	char	
[1178]	'C' (0x43)	0x20004222	char	
[1179]	'?' (0xCA)	0x20004223	char	
[1180]	'"' (0x22)	0x20004224	char	
[1181]	'?' (0xC5)	0x20004225	char	
[1182]	'\0' (0x00)	0x20004226	char	
[1183]	'.' (0x01)	0x20004227	char	
[1184]	'.' (0x19)	0x20004228	char	
[1185]	'O' (0x4F)	0x20004229	char	
[1186]	'O' (0x4F)	0x2000422A	char	
[1187]	'O' (0x4F)	0x2000422B	char	
[1188]	'O' (0x4F)	0x2000422C	char	
[1189]	'O' (0x4F)	0x2000422D	char	
[1190]	'O' (0x4F)	0x2000422E	char	
[1191]	'O' (0x4F)	0x2000422F	char	
[1192]	'O' (0x4F)	0x20004230	char	
[1193]	'O' (0x4F)	0x20004231	char	
[1194]	'O' (0x4F)	0x20004232	char	
[1195]	'O' (0x4F)	0x20004233	char	
[1196]	'O' (0x4F)	0x20004234	char	
[1197]	'O' (0x4F)	0x20004235	char	
[1198]	'X' (0x58)	0x20004236	char	
[1199]	'X' (0x58)	0x20004237	char	
[1200]	'X' (0x58)	0x20004238	char	
[1201]	'X' (0x58)	0x20004239	char	
[1202]	'X' (0x58)	0x2000423A	char	
[1203]	'X' (0x58)	0x2000423B	char	
[1204]	'X' (0x58)	0x2000423C	char	
[1205]	'X' (0x58)	0x2000423D	char	
[1206]	'X' (0x58)	0x2000423E	char	
[1207]	'X' (0x58)	0x2000423F	char	
[1208]	'X' (0x58)	0x20004240	char	
[1209]	'X' (0x58)	0x20004241	char	
[1210]	'?' (0xCA)	0x20004242	char	
[1211]	'4' (0x34)	0x20004243	char	
[1212]	'?' (0xC5)	0x20004244	char	
[1213]	'\0' (0x00)	0x20004245	char	
[1214]	'.' (0x01)	0x20004246	char	
[1215]	'\n' (0x0A)	0x20004247	char	
[1216]	'R' (0x52)	0x20004248	char	
[1217]	'B' (0x42)	0x20004249	char	
[1218]	'_' (0x5F)	0x2000424A	char	
[1219]	'\n' (0x0A)	0x2000424B	char	
[1220]	'\0' (0x00)	0x2000424C	char	
[1221]	'A' (0x41)	0x2000424D	char	
[1222]	'A' (0x41)	0x2000424E	char	
[1223]	'A' (0x41)	0x2000424F	char	
[1224]	'A' (0x41)	0x20004250	char	
[1225]	'C' (0x43)	0x20004251	char	
[1226]	'?' (0xCA)	0x20004252	char	
[1227]	'"' (0x22)	0x20004253	char	
[1228]	'?' (0xC5)	0x20004254	char	
[1229]	'\0' (0x00)	0x20004255	char	
[1230]	'.' (0x01)	0x20004256	char	
[1231]	'.' (0x19)	0x20004257	char	
[1232]	'O' (0x4F)	0x20004258	char	
[1233]	'O' (0x4F)	0x20004259	char	
[1234]	'O' (0x4F)	0x2000425A	char	
[1235]	'O' (0x4F)	0x2000425B	char	
[1236]	'O' (0x4F)	0x2000425C	char	
[1237]	'O' (0x4F)	0x2000425D	char	
[1238]	'O' (0x4F)	0x2000425E	char	
[1239]	'O' (0x4F)	0x2000425F	char	
[1240]	'O' (0x4F)	0x20004260	char	
[1241]	'O' (0x4F)	0x20004261	char	
[1242]	'O' (0x4F)	0x20004262	char	
[1243]	'O' (0x4F)	0x20004263	char	
[1244]	'O' (0x4F)	0x20004264	char	
[1245]	'X' (0x58)	0x20004265	char	
[1246]	'X' (0x58)	0x20004266	char	
[1247]	'X' (0x58)	0x20004267	char	
[1248]	'X' (0x58)	0x20004268	char	
[1249]	'X' (0x58)	0x20004269	char	
[1250]	'X' (0x58)	0x2000426A	char	
[1251]	'X' (0x58)	0x2000426B	char	
[1252]	'X' (0x58)	0x2000426C	char	
[1253]	'X' (0x58)	0x2000426D	char	
[1254]	'X' (0x58)	0x2000426E	char	
[1255]	'X' (0x58)	0x2000426F	char	
[1256]	'X' (0x58)	0x20004270	char	
[1257]	'?' (0xCA)	0x20004271	char	
[1258]	'4' (0x34)	0x20004272	char	
[1259]	'?' (0xC5)	0x20004273	char	
[1260]	'\0' (0x00)	0x20004274	char	
[1261]	'.' (0x01)	0x20004275	char	
[1262]	'\n' (0x0A)	0x20004276	char	
[1263]	'R' (0x52)	0x20004277	char	
[1264]	'B' (0x42)	0x20004278	char	
[1265]	'_' (0x5F)	0x20004279	char	
[1266]	'\n' (0x0A)	0x2000427A	char	
[1267]	'\0' (0x00)	0x2000427B	char	
[1268]	'A' (0x41)	0x2000427C	char	
[1269]	'A' (0x41)	0x2000427D	char	
[1270]	'A' (0x41)	0x2000427E	char	
[1271]	'A' (0x41)	0x2000427F	char	
[1272]	'C' (0x43)	0x20004280	char	
[1273]	'?' (0xCA)	0x20004281	char	
[1274]	'"' (0x22)	0x20004282	char	
[1275]	'?' (0xC5)	0x20004283	char	
[1276]	'\0' (0x00)	0x20004284	char	
[1277]	'.' (0x01)	0x20004285	char	
[1278]	'.' (0x19)	0x20004286	char	
[1279]	'O' (0x4F)	0x20004287	char	
[1280]	'O' (0x4F)	0x20004288	char	
[1281]	'O' (0x4F)	0x20004289	char	
[1282]	'O' (0x4F)	0x2000428A	char	
[1283]	'O' (0x4F)	0x2000428B	char	
[1284]	'O' (0x4F)	0x2000428C	char	
[1285]	'O' (0x4F)	0x2000428D	char	
[1286]	'O' (0x4F)	0x2000428E	char	
[1287]	'O' (0x4F)	0x2000428F	char	
[1288]	'O' (0x4F)	0x20004290	char	
[1289]	'O' (0x4F)	0x20004291	char	
[1290]	'O' (0x4F)	0x20004292	char	
[1291]	'O' (0x4F)	0x20004293	char	
[1292]	'X' (0x58)	0x20004294	char	
[1293]	'X' (0x58)	0x20004295	char	
[1294]	'X' (0x58)	0x20004296	char	
[1295]	'X' (0x58)	0x20004297	char	
[1296]	'X' (0x58)	0x20004298	char	
[1297]	'X' (0x58)	0x20004299	char	
[1298]	'X' (0x58)	0x2000429A	char	
[1299]	'X' (0x58)	0x2000429B	char	
[1300]	'X' (0x58)	0x2000429C	char	
[1301]	'X' (0x58)	0x2000429D	char	
[1302]	'X' (0x58)	0x2000429E	char	
[1303]	'X' (0x58)	0x2000429F	char	
[1304]	'?' (0xCA)	0x200042A0	char	
[1305]	'4' (0x34)	0x200042A1	char	
[1306]	'?' (0xC5)	0x200042A2	char	
[1307]	'\0' (0x00)	0x200042A3	char	
[1308]	'.' (0x01)	0x200042A4	char	
[1309]	'\n' (0x0A)	0x200042A5	char	
[1310]	'R' (0x52)	0x200042A6	char	
[1311]	'B' (0x42)	0x200042A7	char	
[1312]	'_' (0x5F)	0x200042A8	char	
[1313]	'\n' (0x0A)	0x200042A9	char	
[1314]	'\0' (0x00)	0x200042AA	char	
[1315]	'A' (0x41)	0x200042AB	char	
[1316]	'A' (0x41)	0x200042AC	char	
[1317]	'A' (0x41)	0x200042AD	char	
[1318]	'A' (0x41)	0x200042AE	char	
[1319]	'C' (0x43)	0x200042AF	char	
[1320]	'?' (0xCA)	0x200042B0	char	
[1321]	'"' (0x22)	0x200042B1	char	
[1322]	'?' (0xC5)	0x200042B2	char	
[1323]	'\0' (0x00)	0x200042B3	char	
[1324]	'.' (0x01)	0x200042B4	char	
[1325]	'.' (0x19)	0x200042B5	char	
[1326]	'O' (0x4F)	0x200042B6	char	
[1327]	'O' (0x4F)	0x200042B7	char	
[1328]	'O' (0x4F)	0x200042B8	char	
[1329]	'O' (0x4F)	0x200042B9	char	
[1330]	'O' (0x4F)	0x200042BA	char	
[1331]	'O' (0x4F)	0x200042BB	char	
[1332]	'O' (0x4F)	0x200042BC	char	
[1333]	'O' (0x4F)	0x200042BD	char	
[1334]	'O' (0x4F)	0x200042BE	char	
[1335]	'O' (0x4F)	0x200042BF	char	
[1336]	'O' (0x4F)	0x200042C0	char	
[1337]	'O' (0x4F)	0x200042C1	char	
[1338]	'O' (0x4F)	0x200042C2	char	
[1339]	'X' (0x58)	0x200042C3	char	
[1340]	'X' (0x58)	0x200042C4	char	
[1341]	'X' (0x58)	0x200042C5	char	
[1342]	'X' (0x58)	0x200042C6	char	
[1343]	'X' (0x58)	0x200042C7	char	
[1344]	'X' (0x58)	0x200042C8	char	
[1345]	'X' (0x58)	0x200042C9	char	
[1346]	'X' (0x58)	0x200042CA	char	
[1347]	'X' (0x58)	0x200042CB	char	
[1348]	'X' (0x58)	0x200042CC	char	
[1349]	'X' (0x58)	0x200042CD	char	
[1350]	'X' (0x58)	0x200042CE	char	
[1351]	'?' (0xCA)	0x200042CF	char	
[1352]	'4' (0x34)	0x200042D0	char	
[1353]	'?' (0xC5)	0x200042D1	char	
[1354]	'\0' (0x00)	0x200042D2	char	
[1355]	'.' (0x01)	0x200042D3	char	
[1356]	'\n' (0x0A)	0x200042D4	char	
[1357]	'R' (0x52)	0x200042D5	char	
[1358]	'B' (0x42)	0x200042D6	char	
[1359]	'_' (0x5F)	0x200042D7	char	
[1360]	'\n' (0x0A)	0x200042D8	char	
[1361]	'\0' (0x00)	0x200042D9	char	
[1362]	'A' (0x41)	0x200042DA	char	
[1363]	'A' (0x41)	0x200042DB	char	
[1364]	'A' (0x41)	0x200042DC	char	
[1365]	'A' (0x41)	0x200042DD	char	
[1366]	'C' (0x43)	0x200042DE	char	
[1367]	'?' (0xCA)	0x200042DF	char	
[1368]	'"' (0x22)	0x200042E0	char	
[1369]	'?' (0xC5)	0x200042E1	char	
[1370]	'\0' (0x00)	0x200042E2	char	
[1371]	'.' (0x01)	0x200042E3	char	
[1372]	'.' (0x19)	0x200042E4	char	
[1373]	'O' (0x4F)	0x200042E5	char	
[1374]	'O' (0x4F)	0x200042E6	char	
[1375]	'O' (0x4F)	0x200042E7	char	
[1376]	'O' (0x4F)	0x200042E8	char	
[1377]	'O' (0x4F)	0x200042E9	char	
[1378]	'O' (0x4F)	0x200042EA	char	
[1379]	'O' (0x4F)	0x200042EB	char	
[1380]	'O' (0x4F)	0x200042EC	char	
[1381]	'O' (0x4F)	0x200042ED	char	
[1382]	'O' (0x4F)	0x200042EE	char	
[1383]	'O' (0x4F)	0x200042EF	char	
[1384]	'O' (0x4F)	0x200042F0	char	
[1385]	'O' (0x4F)	0x200042F1	char	
[1386]	'X' (0x58)	0x200042F2	char	
[1387]	'X' (0x58)	0x200042F3	char	
[1388]	'X' (0x58)	0x200042F4	char	
[1389]	'X' (0x58)	0x200042F5	char	
[1390]	'X' (0x58)	0x200042F6	char	
[1391]	'X' (0x58)	0x200042F7	char	
[1392]	'X' (0x58)	0x200042F8	char	
[1393]	'X' (0x58)	0x200042F9	char	
[1394]	'X' (0x58)	0x200042FA	char	
[1395]	'X' (0x58)	0x200042FB	char	
[1396]	'X' (0x58)	0x200042FC	char	
[1397]	'X' (0x58)	0x200042FD	char	
[1398]	'?' (0xCA)	0x200042FE	char	
[1399]	'4' (0x34)	0x200042FF	char	
[1400]	'?' (0xC5)	0x20004300	char	
[1401]	'\0' (0x00)	0x20004301	char	
[1402]	'.' (0x01)	0x20004302	char	
[1403]	'\n' (0x0A)	0x20004303	char	
[1404]	'R' (0x52)	0x20004304	char	
[1405]	'B' (0x42)	0x20004305	char	
[1406]	'_' (0x5F)	0x20004306	char	
[1407]	'\n' (0x0A)	0x20004307	char	
[1408]	'\0' (0x00)	0x20004308	char	
[1409]	'A' (0x41)	0x20004309	char	
[1410]	'A' (0x41)	0x2000430A	char	
[1411]	'A' (0x41)	0x2000430B	char	
[1412]	'A' (0x41)	0x2000430C	char	
[1413]	'C' (0x43)	0x2000430D	char	
[1414]	'?' (0xCA)	0x2000430E	char	
[1415]	'"' (0x22)	0x2000430F	char	
[1416]	'?' (0xC5)	0x20004310	char	
[1417]	'\0' (0x00)	0x20004311	char	
[1418]	'.' (0x01)	0x20004312	char	
[1419]	'.' (0x19)	0x20004313	char	
[1420]	'O' (0x4F)	0x20004314	char	
[1421]	'O' (0x4F)	0x20004315	char	
[1422]	'O' (0x4F)	0x20004316	char	
[1423]	'O' (0x4F)	0x20004317	char	
[1424]	'O' (0x4F)	0x20004318	char	
[1425]	'O' (0x4F)	0x20004319	char	
[1426]	'O' (0x4F)	0x2000431A	char	
[1427]	'O' (0x4F)	0x2000431B	char	
[1428]	'O' (0x4F)	0x2000431C	char	
[1429]	'O' (0x4F)	0x2000431D	char	
[1430]	'O' (0x4F)	0x2000431E	char	
[1431]	'O' (0x4F)	0x2000431F	char	
[1432]	'O' (0x4F)	0x20004320	char	
[1433]	'X' (0x58)	0x20004321	char	
[1434]	'X' (0x58)	0x20004322	char	
[1435]	'X' (0x58)	0x20004323	char	
[1436]	'X' (0x58)	0x20004324	char	
[1437]	'X' (0x58)	0x20004325	char	
[1438]	'X' (0x58)	0x20004326	char	
[1439]	'X' (0x58)	0x20004327	char	
[1440]	'X' (0x58)	0x20004328	char	
[1441]	'X' (0x58)	0x20004329	char	
[1442]	'X' (0x58)	0x2000432A	char	
[1443]	'X' (0x58)	0x2000432B	char	
[1444]	'X' (0x58)	0x2000432C	char	
[1445]	'?' (0xCA)	0x2000432D	char	
[1446]	'4' (0x34)	0x2000432E	char	
[1447]	'?' (0xC5)	0x2000432F	char	
[1448]	'\0' (0x00)	0x20004330	char	
[1449]	'.' (0x01)	0x20004331	char	
[1450]	'\n' (0x0A)	0x20004332	char	
[1451]	'R' (0x52)	0x20004333	char	
[1452]	'B' (0x42)	0x20004334	char	
[1453]	'_' (0x5F)	0x20004335	char	
[1454]	'\n' (0x0A)	0x20004336	char	
[1455]	'\0' (0x00)	0x20004337	char	
[1456]	'A' (0x41)	0x20004338	char	
[1457]	'A' (0x41)	0x20004339	char	
[1458]	'A' (0x41)	0x2000433A	char	
[1459]	'A' (0x41)	0x2000433B	char	
[1460]	'C' (0x43)	0x2000433C	char	
[1461]	'?' (0xCA)	0x2000433D	char	
[1462]	'"' (0x22)	0x2000433E	char	
[1463]	'?' (0xC5)	0x2000433F	char	
[1464]	'\0' (0x00)	0x20004340	char	
[1465]	'.' (0x01)	0x20004341	char	
[1466]	'.' (0x19)	0x20004342	char	
[1467]	'O' (0x4F)	0x20004343	char	
[1468]	'O' (0x4F)	0x20004344	char	
[1469]	'O' (0x4F)	0x20004345	char	
[1470]	'O' (0x4F)	0x20004346	char	
[1471]	'O' (0x4F)	0x20004347	char	
[1472]	'O' (0x4F)	0x20004348	char	
[1473]	'O' (0x4F)	0x20004349	char	
[1474]	'O' (0x4F)	0x2000434A	char	
[1475]	'O' (0x4F)	0x2000434B	char	
[1476]	'O' (0x4F)	0x2000434C	char	
[1477]	'O' (0x4F)	0x2000434D	char	
[1478]	'O' (0x4F)	0x2000434E	char	
[1479]	'O' (0x4F)	0x2000434F	char	
[1480]	'X' (0x58)	0x20004350	char	
[1481]	'X' (0x58)	0x20004351	char	
[1482]	'X' (0x58)	0x20004352	char	
[1483]	'X' (0x58)	0x20004353	char	
[1484]	'X' (0x58)	0x20004354	char	
[1485]	'X' (0x58)	0x20004355	char	
[1486]	'X' (0x58)	0x20004356	char	
[1487]	'X' (0x58)	0x20004357	char	
[1488]	'X' (0x58)	0x20004358	char	
[1489]	'X' (0x58)	0x20004359	char	
[1490]	'X' (0x58)	0x2000435A	char	
[1491]	'X' (0x58)	0x2000435B	char	
[1492]	'?' (0xCA)	0x2000435C	char	
[1493]	'4' (0x34)	0x2000435D	char	
[1494]	'?' (0xC5)	0x2000435E	char	
[1495]	'\0' (0x00)	0x2000435F	char	
[1496]	'.' (0x01)	0x20004360	char	
[1497]	'\n' (0x0A)	0x20004361	char	
[1498]	'R' (0x52)	0x20004362	char	
[1499]	'B' (0x42)	0x20004363	char	
[1500]	'_' (0x5F)	0x20004364	char	
[1501]	'\n' (0x0A)	0x20004365	char	
[1502]	'\0' (0x00)	0x20004366	char	
[1503]	'A' (0x41)	0x20004367	char	
[1504]	'A' (0x41)	0x20004368	char	
[1505]	'A' (0x41)	0x20004369	char	
[1506]	'A' (0x41)	0x2000436A	char	
[1507]	'C' (0x43)	0x2000436B	char	
[1508]	'?' (0xCA)	0x2000436C	char	
[1509]	'"' (0x22)	0x2000436D	char	
[1510]	'?' (0xC5)	0x2000436E	char	
[1511]	'\0' (0x00)	0x2000436F	char	
[1512]	'.' (0x01)	0x20004370	char	
[1513]	'.' (0x19)	0x20004371	char	
[1514]	'O' (0x4F)	0x20004372	char	
[1515]	'O' (0x4F)	0x20004373	char	
[1516]	'O' (0x4F)	0x20004374	char	
[1517]	'O' (0x4F)	0x20004375	char	
[1518]	'O' (0x4F)	0x20004376	char	
[1519]	'O' (0x4F)	0x20004377	char	
[1520]	'O' (0x4F)	0x20004378	char	
[1521]	'O' (0x4F)	0x20004379	char	
[1522]	'O' (0x4F)	0x2000437A	char	
[1523]	'O' (0x4F)	0x2000437B	char	
[1524]	'O' (0x4F)	0x2000437C	char	
[1525]	'O' (0x4F)	0x2000437D	char	
[1526]	'O' (0x4F)	0x2000437E	char	
[1527]	'X' (0x58)	0x2000437F	char	
[1528]	'X' (0x58)	0x20004380	char	
[1529]	'X' (0x58)	0x20004381	char	
[1530]	'X' (0x58)	0x20004382	char	
[1531]	'X' (0x58)	0x20004383	char	
[1532]	'X' (0x58)	0x20004384	char	
[1533]	'X' (0x58)	0x20004385	char	
[1534]	'X' (0x58)	0x20004386	char	
[1535]	'X' (0x58)	0x20004387	char	
[1536]	'X' (0x58)	0x20004388	char	
[1537]	'X' (0x58)	0x20004389	char	
[1538]	'X' (0x58)	0x2000438A	char	
[1539]	'?' (0xCA)	0x2000438B	char	
[1540]	'4' (0x34)	0x2000438C	char	
[1541]	'?' (0xC5)	0x2000438D	char	
[1542]	'\0' (0x00)	0x2000438E	char	
[1543]	'.' (0x01)	0x2000438F	char	
[1544]	'\n' (0x0A)	0x20004390	char	
[1545]	'R' (0x52)	0x20004391	char	
[1546]	'B' (0x42)	0x20004392	char	
[1547]	'_' (0x5F)	0x20004393	char	
[1548]	'\n' (0x0A)	0x20004394	char	
[1549]	'\0' (0x00)	0x20004395	char	
[1550]	'A' (0x41)	0x20004396	char	
[1551]	'A' (0x41)	0x20004397	char	
[1552]	'A' (0x41)	0x20004398	char	
[1553]	'A' (0x41)	0x20004399	char	
[1554]	'C' (0x43)	0x2000439A	char	
[1555]	'?' (0xCA)	0x2000439B	char	
[1556]	'"' (0x22)	0x2000439C	char	
[1557]	'?' (0xC5)	0x2000439D	char	
[1558]	'\0' (0x00)	0x2000439E	char	
[1559]	'.' (0x01)	0x2000439F	char	
[1560]	'.' (0x19)	0x200043A0	char	
[1561]	'O' (0x4F)	0x200043A1	char	
[1562]	'O' (0x4F)	0x200043A2	char	
[1563]	'O' (0x4F)	0x200043A3	char	
[1564]	'O' (0x4F)	0x200043A4	char	
[1565]	'O' (0x4F)	0x200043A5	char	
[1566]	'O' (0x4F)	0x200043A6	char	
[1567]	'O' (0x4F)	0x200043A7	char	
[1568]	'O' (0x4F)	0x200043A8	char	
[1569]	'O' (0x4F)	0x200043A9	char	
[1570]	'O' (0x4F)	0x200043AA	char	
[1571]	'O' (0x4F)	0x200043AB	char	
[1572]	'O' (0x4F)	0x200043AC	char	
[1573]	'O' (0x4F)	0x200043AD	char	
[1574]	'X' (0x58)	0x200043AE	char	
[1575]	'X' (0x58)	0x200043AF	char	
[1576]	'X' (0x58)	0x200043B0	char	
[1577]	'X' (0x58)	0x200043B1	char	
[1578]	'X' (0x58)	0x200043B2	char	
[1579]	'X' (0x58)	0x200043B3	char	
[1580]	'X' (0x58)	0x200043B4	char	
[1581]	'X' (0x58)	0x200043B5	char	
[1582]	'X' (0x58)	0x200043B6	char	
[1583]	'X' (0x58)	0x200043B7	char	
[1584]	'X' (0x58)	0x200043B8	char	
[1585]	'X' (0x58)	0x200043B9	char	
[1586]	'?' (0xCA)	0x200043BA	char	
[1587]	'4' (0x34)	0x200043BB	char	
[1588]	'?' (0xC5)	0x200043BC	char	
[1589]	'\0' (0x00)	0x200043BD	char	
[1590]	'.' (0x01)	0x200043BE	char	
[1591]	'\n' (0x0A)	0x200043BF	char	
[1592]	'R' (0x52)	0x200043C0	char	
[1593]	'B' (0x42)	0x200043C1	char	
[1594]	'_' (0x5F)	0x200043C2	char	
[1595]	'\n' (0x0A)	0x200043C3	char	
[1596]	'\0' (0x00)	0x200043C4	char	
[1597]	'A' (0x41)	0x200043C5	char	
[1598]	'A' (0x41)	0x200043C6	char	
[1599]	'A' (0x41)	0x200043C7	char	
[1600]	'A' (0x41)	0x200043C8	char	
[1601]	'C' (0x43)	0x200043C9	char	
[1602]	'?' (0xCA)	0x200043CA	char	
[1603]	'"' (0x22)	0x200043CB	char	
[1604]	'?' (0xC5)	0x200043CC	char	
[1605]	'\0' (0x00)	0x200043CD	char	
[1606]	'.' (0x01)	0x200043CE	char	
[1607]	'.' (0x19)	0x200043CF	char	
[1608]	'O' (0x4F)	0x200043D0	char	
[1609]	'O' (0x4F)	0x200043D1	char	
[1610]	'O' (0x4F)	0x200043D2	char	
[1611]	'O' (0x4F)	0x200043D3	char	
[1612]	'O' (0x4F)	0x200043D4	char	
[1613]	'O' (0x4F)	0x200043D5	char	
[1614]	'O' (0x4F)	0x200043D6	char	
[1615]	'O' (0x4F)	0x200043D7	char	
[1616]	'O' (0x4F)	0x200043D8	char	
[1617]	'O' (0x4F)	0x200043D9	char	
[1618]	'O' (0x4F)	0x200043DA	char	
[1619]	'O' (0x4F)	0x200043DB	char	
[1620]	'O' (0x4F)	0x200043DC	char	
[1621]	'X' (0x58)	0x200043DD	char	
[1622]	'X' (0x58)	0x200043DE	char	
[1623]	'X' (0x58)	0x200043DF	char	
[1624]	'X' (0x58)	0x200043E0	char	
[1625]	'X' (0x58)	0x200043E1	char	
[1626]	'X' (0x58)	0x200043E2	char	
[1627]	'X' (0x58)	0x200043E3	char	
[1628]	'X' (0x58)	0x200043E4	char	
[1629]	'X' (0x58)	0x200043E5	char	
[1630]	'X' (0x58)	0x200043E6	char	
[1631]	'X' (0x58)	0x200043E7	char	
[1632]	'X' (0x58)	0x200043E8	char	
[1633]	'?' (0xCA)	0x200043E9	char	
[1634]	'4' (0x34)	0x200043EA	char	
[1635]	'?' (0xC5)	0x200043EB	char	
[1636]	'\0' (0x00)	0x200043EC	char	
[1637]	'.' (0x01)	0x200043ED	char	
[1638]	'\n' (0x0A)	0x200043EE	char	
[1639]	'R' (0x52)	0x200043EF	char	
[1640]	'B' (0x42)	0x200043F0	char	
[1641]	'_' (0x5F)	0x200043F1	char	
[1642]	'\n' (0x0A)	0x200043F2	char	
[1643]	'\0' (0x00)	0x200043F3	char	
[1644]	'A' (0x41)	0x200043F4	char	
[1645]	'A' (0x41)	0x200043F5	char	
[1646]	'A' (0x41)	0x200043F6	char	
[1647]	'A' (0x41)	0x200043F7	char	
[1648]	'C' (0x43)	0x200043F8	char	
[1649]	'?' (0xCA)	0x200043F9	char	
[1650]	'"' (0x22)	0x200043FA	char	
[1651]	'?' (0xC5)	0x200043FB	char	
[1652]	'\0' (0x00)	0x200043FC	char	
[1653]	'.' (0x01)	0x200043FD	char	
[1654]	'.' (0x19)	0x200043FE	char	
[1655]	'O' (0x4F)	0x200043FF	char	
[1656]	'O' (0x4F)	0x20004400	char	
[1657]	'O' (0x4F)	0x20004401	char	
[1658]	'O' (0x4F)	0x20004402	char	
[1659]	'O' (0x4F)	0x20004403	char	
[1660]	'O' (0x4F)	0x20004404	char	
[1661]	'O' (0x4F)	0x20004405	char	
[1662]	'O' (0x4F)	0x20004406	char	
[1663]	'O' (0x4F)	0x20004407	char	
[1664]	'O' (0x4F)	0x20004408	char	
[1665]	'O' (0x4F)	0x20004409	char	
[1666]	'O' (0x4F)	0x2000440A	char	
[1667]	'O' (0x4F)	0x2000440B	char	
[1668]	'X' (0x58)	0x2000440C	char	
[1669]	'X' (0x58)	0x2000440D	char	
[1670]	'X' (0x58)	0x2000440E	char	
[1671]	'X' (0x58)	0x2000440F	char	
[1672]	'X' (0x58)	0x20004410	char	
[1673]	'X' (0x58)	0x20004411	char	
[1674]	'X' (0x58)	0x20004412	char	
[1675]	'X' (0x58)	0x20004413	char	
[1676]	'X' (0x58)	0x20004414	char	
[1677]	'X' (0x58)	0x20004415	char	
[1678]	'X' (0x58)	0x20004416	char	
[1679]	'X' (0x58)	0x20004417	char	
[1680]	'?' (0xCA)	0x20004418	char	
[1681]	'4' (0x34)	0x20004419	char	
[1682]	'?' (0xC5)	0x2000441A	char	
[1683]	'\0' (0x00)	0x2000441B	char	
[1684]	'.' (0x01)	0x2000441C	char	
[1685]	'\n' (0x0A)	0x2000441D	char	
[1686]	'R' (0x52)	0x2000441E	char	
[1687]	'B' (0x42)	0x2000441F	char	
[1688]	'_' (0x5F)	0x20004420	char	
[1689]	'\n' (0x0A)	0x20004421	char	
[1690]	'\0' (0x00)	0x20004422	char	
[1691]	'A' (0x41)	0x20004423	char	
[1692]	'A' (0x41)	0x20004424	char	
[1693]	'A' (0x41)	0x20004425	char	
[1694]	'A' (0x41)	0x20004426	char	
[1695]	'C' (0x43)	0x20004427	char	
[1696]	'?' (0xCA)	0x20004428	char	
[1697]	'"' (0x22)	0x20004429	char	
[1698]	'?' (0xC5)	0x2000442A	char	
[1699]	'\0' (0x00)	0x2000442B	char	
[1700]	'.' (0x01)	0x2000442C	char	
[1701]	'.' (0x19)	0x2000442D	char	
[1702]	'O' (0x4F)	0x2000442E	char	
[1703]	'O' (0x4F)	0x2000442F	char	
[1704]	'O' (0x4F)	0x20004430	char	
[1705]	'O' (0x4F)	0x20004431	char	
[1706]	'O' (0x4F)	0x20004432	char	
[1707]	'O' (0x4F)	0x20004433	char	
[1708]	'O' (0x4F)	0x20004434	char	
[1709]	'O' (0x4F)	0x20004435	char	
[1710]	'O' (0x4F)	0x20004436	char	
[1711]	'O' (0x4F)	0x20004437	char	
[1712]	'O' (0x4F)	0x20004438	char	
[1713]	'O' (0x4F)	0x20004439	char	
[1714]	'O' (0x4F)	0x2000443A	char	
[1715]	'X' (0x58)	0x2000443B	char	
[1716]	'X' (0x58)	0x2000443C	char	
[1717]	'X' (0x58)	0x2000443D	char	
[1718]	'X' (0x58)	0x2000443E	char	
[1719]	'X' (0x58)	0x2000443F	char	
[1720]	'X' (0x58)	0x20004440	char	
[1721]	'X' (0x58)	0x20004441	char	
[1722]	'X' (0x58)	0x20004442	char	
[1723]	'X' (0x58)	0x20004443	char	
[1724]	'X' (0x58)	0x20004444	char	
[1725]	'X' (0x58)	0x20004445	char	
[1726]	'X' (0x58)	0x20004446	char	
[1727]	'?' (0xCA)	0x20004447	char	
[1728]	'4' (0x34)	0x20004448	char	
[1729]	'?' (0xC5)	0x20004449	char	
[1730]	'\0' (0x00)	0x2000444A	char	
[1731]	'.' (0x01)	0x2000444B	char	
[1732]	'\n' (0x0A)	0x2000444C	char	
[1733]	'R' (0x52)	0x2000444D	char	
[1734]	'B' (0x42)	0x2000444E	char	
[1735]	'_' (0x5F)	0x2000444F	char	
[1736]	'\n' (0x0A)	0x20004450	char	
[1737]	'\0' (0x00)	0x20004451	char	
[1738]	'A' (0x41)	0x20004452	char	
[1739]	'A' (0x41)	0x20004453	char	
[1740]	'A' (0x41)	0x20004454	char	
[1741]	'A' (0x41)	0x20004455	char	
[1742]	'C' (0x43)	0x20004456	char	
[1743]	'?' (0xCA)	0x20004457	char	
[1744]	'"' (0x22)	0x20004458	char	
[1745]	'?' (0xC5)	0x20004459	char	
[1746]	'\0' (0x00)	0x2000445A	char	
[1747]	'.' (0x01)	0x2000445B	char	
[1748]	'.' (0x19)	0x2000445C	char	
[1749]	'O' (0x4F)	0x2000445D	char	
[1750]	'O' (0x4F)	0x2000445E	char	
[1751]	'O' (0x4F)	0x2000445F	char	
[1752]	'O' (0x4F)	0x20004460	char	
[1753]	'O' (0x4F)	0x20004461	char	
[1754]	'O' (0x4F)	0x20004462	char	
[1755]	'O' (0x4F)	0x20004463	char	
[1756]	'O' (0x4F)	0x20004464	char	
[1757]	'O' (0x4F)	0x20004465	char	
[1758]	'O' (0x4F)	0x20004466	char	
[1759]	'O' (0x4F)	0x20004467	char	
[1760]	'O' (0x4F)	0x20004468	char	
[1761]	'O' (0x4F)	0x20004469	char	
[1762]	'X' (0x58)	0x2000446A	char	
[1763]	'X' (0x58)	0x2000446B	char	
[1764]	'X' (0x58)	0x2000446C	char	
[1765]	'X' (0x58)	0x2000446D	char	
[1766]	'X' (0x58)	0x2000446E	char	
[1767]	'X' (0x58)	0x2000446F	char	
[1768]	'X' (0x58)	0x20004470	char	
[1769]	'X' (0x58)	0x20004471	char	
[1770]	'X' (0x58)	0x20004472	char	
[1771]	'X' (0x58)	0x20004473	char	
[1772]	'X' (0x58)	0x20004474	char	
[1773]	'X' (0x58)	0x20004475	char	
[1774]	'?' (0xCA)	0x20004476	char	
[1775]	'4' (0x34)	0x20004477	char	
[1776]	'?' (0xC5)	0x20004478	char	
[1777]	'\0' (0x00)	0x20004479	char	
[1778]	'.' (0x01)	0x2000447A	char	
[1779]	'\n' (0x0A)	0x2000447B	char	
[1780]	'R' (0x52)	0x2000447C	char	
[1781]	'B' (0x42)	0x2000447D	char	
[1782]	'_' (0x5F)	0x2000447E	char	
[1783]	'\n' (0x0A)	0x2000447F	char	
[1784]	'\0' (0x00)	0x20004480	char	
[1785]	'A' (0x41)	0x20004481	char	
[1786]	'A' (0x41)	0x20004482	char	
[1787]	'A' (0x41)	0x20004483	char	
[1788]	'A' (0x41)	0x20004484	char	
[1789]	'C' (0x43)	0x20004485	char	
[1790]	'?' (0xCA)	0x20004486	char	
[1791]	'"' (0x22)	0x20004487	char	
[1792]	'?' (0xC5)	0x20004488	char	
[1793]	'\0' (0x00)	0x20004489	char	
[1794]	'.' (0x01)	0x2000448A	char	
[1795]	'.' (0x19)	0x2000448B	char	
[1796]	'O' (0x4F)	0x2000448C	char	
[1797]	'O' (0x4F)	0x2000448D	char	
[1798]	'O' (0x4F)	0x2000448E	char	
[1799]	'O' (0x4F)	0x2000448F	char	
[1800]	'O' (0x4F)	0x20004490	char	
[1801]	'O' (0x4F)	0x20004491	char	
[1802]	'O' (0x4F)	0x20004492	char	
[1803]	'O' (0x4F)	0x20004493	char	
[1804]	'O' (0x4F)	0x20004494	char	
[1805]	'O' (0x4F)	0x20004495	char	
[1806]	'O' (0x4F)	0x20004496	char	
[1807]	'O' (0x4F)	0x20004497	char	
[1808]	'O' (0x4F)	0x20004498	char	
[1809]	'X' (0x58)	0x20004499	char	
[1810]	'X' (0x58)	0x2000449A	char	
[1811]	'X' (0x58)	0x2000449B	char	
[1812]	'X' (0x58)	0x2000449C	char	
[1813]	'X' (0x58)	0x2000449D	char	
[1814]	'X' (0x58)	0x2000449E	char	
[1815]	'X' (0x58)	0x2000449F	char	
[1816]	'X' (0x58)	0x200044A0	char	
[1817]	'X' (0x58)	0x200044A1	char	
[1818]	'X' (0x58)	0x200044A2	char	
[1819]	'X' (0x58)	0x200044A3	char	
[1820]	'X' (0x58)	0x200044A4	char	
[1821]	'?' (0xCA)	0x200044A5	char	
[1822]	'4' (0x34)	0x200044A6	char	
[1823]	'?' (0xC5)	0x200044A7	char	
[1824]	'\0' (0x00)	0x200044A8	char	
[1825]	'.' (0x01)	0x200044A9	char	
[1826]	'\n' (0x0A)	0x200044AA	char	
[1827]	'R' (0x52)	0x200044AB	char	
[1828]	'B' (0x42)	0x200044AC	char	
[1829]	'_' (0x5F)	0x200044AD	char	
[1830]	'\n' (0x0A)	0x200044AE	char	
[1831]	'\0' (0x00)	0x200044AF	char	
[1832]	'A' (0x41)	0x200044B0	char	
[1833]	'A' (0x41)	0x200044B1	char	
[1834]	'A' (0x41)	0x200044B2	char	
[1835]	'A' (0x41)	0x200044B3	char	
[1836]	'C' (0x43)	0x200044B4	char	
[1837]	'?' (0xCA)	0x200044B5	char	
[1838]	'"' (0x22)	0x200044B6	char	
[1839]	'?' (0xC5)	0x200044B7	char	
[1840]	'\0' (0x00)	0x200044B8	char	
[1841]	'.' (0x01)	0x200044B9	char	
[1842]	'.' (0x19)	0x200044BA	char	
[1843]	'O' (0x4F)	0x200044BB	char	
[1844]	'O' (0x4F)	0x200044BC	char	
[1845]	'O' (0x4F)	0x200044BD	char	
[1846]	'O' (0x4F)	0x200044BE	char	
[1847]	'O' (0x4F)	0x200044BF	char	
[1848]	'O' (0x4F)	0x200044C0	char	
[1849]	'O' (0x4F)	0x200044C1	char	
[1850]	'O' (0x4F)	0x200044C2	char	
[1851]	'O' (0x4F)	0x200044C3	char	
[1852]	'O' (0x4F)	0x200044C4	char	
[1853]	'O' (0x4F)	0x200044C5	char	
[1854]	'O' (0x4F)	0x200044C6	char	
[1855]	'O' (0x4F)	0x200044C7	char	
[1856]	'X' (0x58)	0x200044C8	char	
[1857]	'X' (0x58)	0x200044C9	char	
[1858]	'X' (0x58)	0x200044CA	char	
[1859]	'X' (0x58)	0x200044CB	char	
[1860]	'X' (0x58)	0x200044CC	char	
[1861]	'X' (0x58)	0x200044CD	char	
[1862]	'X' (0x58)	0x200044CE	char	
[1863]	'X' (0x58)	0x200044CF	char	
[1864]	'X' (0x58)	0x200044D0	char	
[1865]	'X' (0x58)	0x200044D1	char	
[1866]	'X' (0x58)	0x200044D2	char	
[1867]	'X' (0x58)	0x200044D3	char	
[1868]	'?' (0xCA)	0x200044D4	char	
[1869]	'4' (0x34)	0x200044D5	char	
[1870]	'?' (0xC5)	0x200044D6	char	
[1871]	'\0' (0x00)	0x200044D7	char	
[1872]	'.' (0x01)	0x200044D8	char	
[1873]	'\n' (0x0A)	0x200044D9	char	
[1874]	'R' (0x52)	0x200044DA	char	
[1875]	'B' (0x42)	0x200044DB	char	
[1876]	'_' (0x5F)	0x200044DC	char	
[1877]	'\n' (0x0A)	0x200044DD	char	
[1878]	'\0' (0x00)	0x200044DE	char	
[1879]	'A' (0x41)	0x200044DF	char	
[1880]	'A' (0x41)	0x200044E0	char	
[1881]	'A' (0x41)	0x200044E1	char	
[1882]	'A' (0x41)	0x200044E2	char	
[1883]	'C' (0x43)	0x200044E3	char	
[1884]	'?' (0xCA)	0x200044E4	char	
[1885]	'"' (0x22)	0x200044E5	char	
[1886]	'?' (0xC5)	0x200044E6	char	
[1887]	'\0' (0x00)	0x200044E7	char	
[1888]	'.' (0x01)	0x200044E8	char	
[1889]	'.' (0x19)	0x200044E9	char	
[1890]	'O' (0x4F)	0x200044EA	char	
[1891]	'O' (0x4F)	0x200044EB	char	
[1892]	'O' (0x4F)	0x200044EC	char	
[1893]	'O' (0x4F)	0x200044ED	char	
[1894]	'O' (0x4F)	0x200044EE	char	
[1895]	'O' (0x4F)	0x200044EF	char	
[1896]	'O' (0x4F)	0x200044F0	char	
[1897]	'O' (0x4F)	0x200044F1	char	
[1898]	'O' (0x4F)	0x200044F2	char	
[1899]	'O' (0x4F)	0x200044F3	char	
[1900]	'O' (0x4F)	0x200044F4	char	
[1901]	'O' (0x4F)	0x200044F5	char	
[1902]	'O' (0x4F)	0x200044F6	char	
[1903]	'X' (0x58)	0x200044F7	char	
[1904]	'X' (0x58)	0x200044F8	char	
[1905]	'X' (0x58)	0x200044F9	char	
[1906]	'X' (0x58)	0x200044FA	char	
[1907]	'X' (0x58)	0x200044FB	char	
[1908]	'X' (0x58)	0x200044FC	char	
[1909]	'X' (0x58)	0x200044FD	char	
[1910]	'X' (0x58)	0x200044FE	char	
[1911]	'X' (0x58)	0x200044FF	char	
[1912]	'X' (0x58)	0x20004500	char	
[1913]	'X' (0x58)	0x20004501	char	
[1914]	'X' (0x58)	0x20004502	char	
[1915]	'?' (0xCA)	0x20004503	char	
[1916]	'4' (0x34)	0x20004504	char	
[1917]	'?' (0xC5)	0x20004505	char	
[1918]	'\0' (0x00)	0x20004506	char	
[1919]	'.' (0x01)	0x20004507	char	
[1920]	'\n' (0x0A)	0x20004508	char	
[1921]	'R' (0x52)	0x20004509	char	
[1922]	'B' (0x42)	0x2000450A	char	
[1923]	'_' (0x5F)	0x2000450B	char	
[1924]	'\n' (0x0A)	0x2000450C	char	
[1925]	'\0' (0x00)	0x2000450D	char	
[1926]	'A' (0x41)	0x2000450E	char	
[1927]	'A' (0x41)	0x2000450F	char	
[1928]	'A' (0x41)	0x20004510	char	
[1929]	'A' (0x41)	0x20004511	char	
[1930]	'C' (0x43)	0x20004512	char	
[1931]	'?' (0xCA)	0x20004513	char	
[1932]	'"' (0x22)	0x20004514	char	
[1933]	'?' (0xC5)	0x20004515	char	
[1934]	'\0' (0x00)	0x20004516	char	
[1935]	'.' (0x01)	0x20004517	char	
[1936]	'.' (0x19)	0x20004518	char	
[1937]	'O' (0x4F)	0x20004519	char	
[1938]	'O' (0x4F)	0x2000451A	char	
[1939]	'O' (0x4F)	0x2000451B	char	
[1940]	'O' (0x4F)	0x2000451C	char	
[1941]	'O' (0x4F)	0x2000451D	char	
[1942]	'O' (0x4F)	0x2000451E	char	
[1943]	'O' (0x4F)	0x2000451F	char	
[1944]	'O' (0x4F)	0x20004520	char	
[1945]	'O' (0x4F)	0x20004521	char	
[1946]	'O' (0x4F)	0x20004522	char	
[1947]	'O' (0x4F)	0x20004523	char	
[1948]	'O' (0x4F)	0x20004524	char	
[1949]	'O' (0x4F)	0x20004525	char	
[1950]	'X' (0x58)	0x20004526	char	
[1951]	'X' (0x58)	0x20004527	char	
[1952]	'X' (0x58)	0x20004528	char	
[1953]	'X' (0x58)	0x20004529	char	
[1954]	'X' (0x58)	0x2000452A	char	
[1955]	'X' (0x58)	0x2000452B	char	
[1956]	'X' (0x58)	0x2000452C	char	
[1957]	'X' (0x58)	0x2000452D	char	
[1958]	'X' (0x58)	0x2000452E	char	
[1959]	'X' (0x58)	0x2000452F	char	
[1960]	'X' (0x58)	0x20004530	char	
[1961]	'X' (0x58)	0x20004531	char	
[1962]	'?' (0xCA)	0x20004532	char	
[1963]	'4' (0x34)	0x20004533	char	
[1964]	'?' (0xC5)	0x20004534	char	
[1965]	'\0' (0x00)	0x20004535	char	
[1966]	'.' (0x01)	0x20004536	char	
[1967]	'\n' (0x0A)	0x20004537	char	
[1968]	'R' (0x52)	0x20004538	char	
[1969]	'B' (0x42)	0x20004539	char	
[1970]	'_' (0x5F)	0x2000453A	char	
[1971]	'\n' (0x0A)	0x2000453B	char	
[1972]	'\0' (0x00)	0x2000453C	char	
[1973]	'A' (0x41)	0x2000453D	char	
[1974]	'A' (0x41)	0x2000453E	char	
[1975]	'A' (0x41)	0x2000453F	char	
[1976]	'A' (0x41)	0x20004540	char	
[1977]	'C' (0x43)	0x20004541	char	
[1978]	'?' (0xCA)	0x20004542	char	
[1979]	'"' (0x22)	0x20004543	char	
[1980]	'?' (0xC5)	0x20004544	char	
[1981]	'\0' (0x00)	0x20004545	char	
[1982]	'.' (0x01)	0x20004546	char	
[1983]	'.' (0x19)	0x20004547	char	
[1984]	'O' (0x4F)	0x20004548	char	
[1985]	'O' (0x4F)	0x20004549	char	
[1986]	'O' (0x4F)	0x2000454A	char	
[1987]	'O' (0x4F)	0x2000454B	char	
[1988]	'O' (0x4F)	0x2000454C	char	
[1989]	'O' (0x4F)	0x2000454D	char	
[1990]	'O' (0x4F)	0x2000454E	char	
[1991]	'O' (0x4F)	0x2000454F	char	
[1992]	'O' (0x4F)	0x20004550	char	
[1993]	'O' (0x4F)	0x20004551	char	
[1994]	'O' (0x4F)	0x20004552	char	
[1995]	'O' (0x4F)	0x20004553	char	
[1996]	'O' (0x4F)	0x20004554	char	
[1997]	'X' (0x58)	0x20004555	char	
[1998]	'X' (0x58)	0x20004556	char	
[1999]	'X' (0x58)	0x20004557	char	
[2000]	'X' (0x58)	0x20004558	char	
[2001]	'X' (0x58)	0x20004559	char	
[2002]	'X' (0x58)	0x2000455A	char	
[2003]	'X' (0x58)	0x2000455B	char	
[2004]	'X' (0x58)	0x2000455C	char	
[2005]	'X' (0x58)	0x2000455D	char	
[2006]	'X' (0x58)	0x2000455E	char	
[2007]	'X' (0x58)	0x2000455F	char	
[2008]	'X' (0x58)	0x20004560	char	
[2009]	'?' (0xCA)	0x20004561	char	
[2010]	'4' (0x34)	0x20004562	char	
[2011]	'?' (0xC5)	0x20004563	char	
[2012]	'\0' (0x00)	0x20004564	char	
[2013]	'.' (0x01)	0x20004565	char	
[2014]	'\n' (0x0A)	0x20004566	char	
[2015]	'R' (0x52)	0x20004567	char	
[2016]	'B' (0x42)	0x20004568	char	
[2017]	'_' (0x5F)	0x20004569	char	
[2018]	'\n' (0x0A)	0x2000456A	char	
[2019]	'\0' (0x00)	0x2000456B	char	
[2020]	'A' (0x41)	0x2000456C	char	
[2021]	'A' (0x41)	0x2000456D	char	
[2022]	'A' (0x41)	0x2000456E	char	
[2023]	'A' (0x41)	0x2000456F	char	
[2024]	'C' (0x43)	0x20004570	char	
[2025]	'?' (0xCA)	0x20004571	char	
[2026]	'"' (0x22)	0x20004572	char	
[2027]	'?' (0xC5)	0x20004573	char	
[2028]	'\0' (0x00)	0x20004574	char	
[2029]	'.' (0x01)	0x20004575	char	
[2030]	'.' (0x19)	0x20004576	char	
[2031]	'O' (0x4F)	0x20004577	char	
[2032]	'O' (0x4F)	0x20004578	char	
[2033]	'O' (0x4F)	0x20004579	char	
[2034]	'O' (0x4F)	0x2000457A	char	
[2035]	'O' (0x4F)	0x2000457B	char	
[2036]	'O' (0x4F)	0x2000457C	char	
[2037]	'O' (0x4F)	0x2000457D	char	
[2038]	'O' (0x4F)	0x2000457E	char	
[2039]	'O' (0x4F)	0x2000457F	char	
[2040]	'O' (0x4F)	0x20004580	char	
[2041]	'O' (0x4F)	0x20004581	char	
[2042]	'O' (0x4F)	0x20004582	char	
[2043]	'O' (0x4F)	0x20004583	char	
[2044]	'X' (0x58)	0x20004584	char	
[2045]	'X' (0x58)	0x20004585	char	
[2046]	'X' (0x58)	0x20004586	char	
[2047]	'X' (0x58)	0x20004587	char	
front	1107	0x20004588	unsigned short	
rear	1107	0x2000458A	unsigned short	
[1]	<struct>	0x2000458C	Queue	
[2]	<struct>	0x20004D90	Queue	
replyDetailedData	<array>""	0x20005D98	char[220]	
